
0200                                     BAC-220 STANDARD VERSION   2/1/62

0200      COMMENT SIMPSON-S RULE INTEGRATION PROCEDURE, TRANSLATED TO BALGOL

0200              FROM THE EXAMPLE IN THE PRELIMINARY IAL REPORT$

0200

0200      COMMENT

0200          EXAMPLE.. INTEGRATION OF A FUNCTION F%X¤ BY SIMPSON-S RULE. THE

0200          VALUES OF F%X¤ ARE SUPPLIED BY AN ASSUMED EXISTENT FUNCTION

0200          ROUTINE. THE MESH SIZE IS HALVED UNTIL TWO SUCCESSIVE SIMPSON

0200          SUMS AGREE WITHIN A PRESCRIBED ERROR. DURING THE MESH REDUCTION

0200          F%X¤ IS EVALUATED AT MOST ONCE FOR ANY X. A VALUE V GREATER THAN

0200          THE MAXIMUM ABSOLUTE VALUE ATTAINED BY THE FUNCTION ON THE

0200          INTERVAL IS REQUIRED FOR INITIALZING$

0200

0204      PROCEDURE SIMPS%A, B, DELTA, V$$ F%¤¤$

0204          COMMENT A, B ARE THE MIN AND MAX, RESP. OF THE POINTS DEF.

0204          INTERVAL OF INTEG. F%¤ IS THE FUNCTION TO INTEGRATED.

0204          DELTA IS THE PERMISSIBLE DIFFERENCE BETWEEN TO SUCCESSIVE SIMPSO

0204          SUMS. V IS GREATER THAN THE MAXIMUM ABSOLUTE VALUE OF F ON A, B$

0204        BEGIN

0204        MONITOR IBAR, N, H, J, S, K, I$

0204        INTEGER K, N$

0204

0204        IBAR # V%B-A¤$

0210        N # 1$

0214        H # %B-A¤/2$

0221        J # H%F%A¤ & F%B¤¤$

0221

0233      J1..

0233        S # 0$

0238        FOR K # %1, 1, N¤$

0253          S # S & F%A & %2K-1¤H¤$

0253

0269        I # J & 4H.S$

0276        IF DELTA LSS ABS%I-IBAR¤$

0276          BEGIN

0276          IBAR # I$

0287          J # %I&J¤/4$

0294          N # 2N$

0299          H # H/2$

0305          GO TO J1

0306          END$

0306

0306        SIMPS%¤ # I/3$

0309        RETURN$

0311        END SIMPS%¤$

0311

0318      FUNCTION TORADS%X¤ # 3.1415926X/180$

0318

0327      FUNCTION DARCTAN%X¤ # 1/%X*2 & 1¤$

0327

0339      PROCEDURE LOGISTICSIGMOID%X¤$

0339        BEGIN

0342        LOGISTICSIGMOID%¤ # 1/%1 & EXP%-X¤¤$

0350        RETURN$

0352        END LOGISTICSIGMOID%¤$

0352

0352      SUM # SIMPS%TORADS%30.0¤, TORADS%90.0¤, 0.00001, 2.0$$ SIN%¤¤$

0371      WRITE%$$ RESULT, F1¤$

0379      SUM # SIMPS%0.0, 1.0, 1**-5, 2.0$$ DARCTAN%¤¤$

0393      WRITE%$$ RESULT, F2¤$

0401      SUM # SIMPS%0.5, 3.0, 1**-5, 2.0$$ LOGISTICSIGMOID%¤¤$

0415      WRITE%$$ RESULT, F3¤$

0415

0423      OUTPUT RESULT%SUM¤$

0430      FORMAT F1%*SINE INTEGRAL #    *,X10.6,W0¤,

0430             F2%*DARCTAN INTEGRAL # *,X10.6,W0¤,

0430             F3%*LOGISTIC INTEGRAL #*,X10.6,W0¤$

0452      FINISH$
COMPILED PROGRAM ENDS AT 0453
PROGRAM VARIABLES BEGIN AT 4328






























































     IBAR #  . 2094395000, 01
     N    #             1
     H    #  . 5235987500, 00
     J    #  . 7853980700, 00
     S    #  .           , 00
     K    #             1
     S    #  . 8660253800, 00
     K    #             2
     I    #  . 2599197200, 01
     IBAR #  . 2599197200, 01
     J    #  . 8461488000, 00
     N    #             2
     H    #  . 2617993700, 00
     S    #  .           , 00
     K    #             1
     S    #  . 7071067600, 00
     K    #             2
     S    #  . 1673032500, 01
     K    #             3
     I    #  . 2598144200, 01
     IBAR #  . 2598144200, 01
     J    #  . 8610732500, 00
     N    #             4
     H    #  . 1308996800, 00
     S    #  .           , 00
     K    #             1
     S    #  . 6087614000, 00
     K    #             2
     S    #  . 1402114700, 01
     K    #             3
     S    #  . 2325994100, 01
     K    #             4
     S    #  . 3317438900, 01
     K    #             5
     I    #  . 2598079900, 01
     IBAR #  . 2598079900, 01
     J    #  . 8647882700, 00
     N    #             8
     H    #  . 6544984000,-01
     S    #  .           , 00
     K    #             1
     S    #  . 5555702100, 00
     K    #             2
     S    #  . 1214915900, 01
     K    #             3
     S    #  . 1966755600, 01
     K    #             4
     S    #  . 2798225100, 01
     K    #             5
     S    #  . 3695097700, 01
     K    #             6
     S    #  . 4642027800, 01
     K    #             7
     S    #  . 5622813000, 01
     K    #             8
     S    #  . 6620671900, 01
     K    #             9
     I    #  . 2598075800, 01
SINE INTEGRAL #       .866025
     IBAR #  . 2000000000, 01
     N    #             1
     H    #  . 5000000000, 00
     J    #  . 7500000000, 00
     S    #  .           , 00
     K    #             1
     S    #  . 8000000000, 00
     K    #             2
     I    #  . 2350000000, 01
     IBAR #  . 2350000000, 01
     J    #  . 7750000000, 00
     N    #             2
     H    #  . 2500000000, 00
     S    #  .           , 00
     K    #             1
     S    #  . 9411764700, 00
     K    #             2
     S    #  . 1581176400, 01
     K    #             3
     I    #  . 2356176400, 01
     IBAR #  . 2356176400, 01
     J    #  . 7827941000, 00
     N    #             4
     H    #  . 1250000000, 00
     S    #  .           , 00
     K    #             1
     S    #  . 9846153800, 00
     K    #             2
     S    #  . 1861327700, 01
     K    #             3
     S    #  . 2580428800, 01
     K    #             4
     S    #  . 3146800400, 01
     K    #             5
     I    #  . 2356194300, 01
     IBAR #  . 2356194300, 01
     J    #  . 7847471000, 00
     N    #             8
     H    #  . 6250000000,-01
     S    #  .           , 00
     K    #             1
     S    #  . 9961089900, 00
     K    #             2
     S    #  . 1962146700, 01
     K    #             3
     S    #  . 2873178700, 01
     K    #             4
     S    #  . 3712522900, 01
     K    #             5
     S    #  . 4472166800, 01
     K    #             6
     S    #  . 5151211900, 01
     K    #             7
     S    #  . 5753564800, 01
     K    #             8
     S    #  . 6285789300, 01
     K    #             9
     I    #  . 2356194400, 01
DARCTAN INTEGRAL #    .785398
     IBAR #  . 5000000000, 01
     N    #             1
     H    #  . 1250000000, 01
     J    #  . 1968791800, 01
     S    #  .           , 00
     K    #             1
     S    #  . 8519528300, 00
     K    #             2
     I    #  . 6228555800, 01
     IBAR #  . 6228555800, 01
     J    #  . 2049336900, 01
     N    #             2
     H    #  . 6250000000, 00
     S    #  .           , 00
     K    #             1
     S    #  . 7549150200, 00
     K    #             2
     S    #  . 1669816000, 01
     K    #             3
     I    #  . 6223876900, 01
     IBAR #  . 6223876900, 01
     J    #  . 2068303400, 01
     N    #             4
     H    #  . 3125000000, 00
     S    #  .           , 00
     K    #             1
     S    #  . 6926419800, 00
     K    #             2
     S    #  . 1500709200, 01
     K    #             3
     S    #  . 2387913800, 01
     K    #             4
     S    #  . 3324198800, 01
     K    #             5
     I    #  . 6223551800, 01
     IBAR #  . 6223551800, 01
     J    #  . 2072963800, 01
     N    #             8
     H    #  . 1562500000, 00
     S    #  .           , 00
     K    #             1
     S    #  . 6584175200, 00
     K    #             2
     S    #  . 1383287700, 01
     K    #             3
     S    #  . 2165950200, 01
     K    #             4
     S    #  . 2997093200, 01
     K    #             5
     S    #  . 3867690400, 01
     K    #             6
     S    #  . 4769611100, 01
     K    #             7
     S    #  . 5695914800, 01
     K    #             8
     S    #  . 6640909500, 01
     K    #             9
     I    #  . 6223532200, 01
     IBAR #  . 6223532200, 01
     J    #  . 2074124000, 01
     N    #            16
     H    #  . 7812500000,-01
     S    #  .           , 00
     K    #             1
     S    #  . 6406358700, 00
     K    #             2
     S    #  . 1316400400, 01
     K    #             3
     S    #  . 2025419500, 01
     K    #             4
     S    #  . 2765593800, 01
     K    #             5
     S    #  . 3534674000, 01
     K    #             6
     S    #  . 4330332100, 01
     K    #             7
     S    #  . 5150225400, 01
     K    #             8
     S    #  . 5992051000, 01
     K    #             9
     S    #  . 6853589200, 01
     K    #            10
     S    #  . 7732735900, 01
     K    #            11
     S    #  . 8627525300, 01
     K    #            12
     S    #  . 9536143200, 01
     K    #            13
     S    #  . 1045693200, 02
     K    #            14
     S    #  . 1138839400, 02
     K    #            15
     S    #  . 1232918300, 02
     K    #            16
     S    #  . 1327810000, 02
     K    #            17
     I    #  . 6223530000, 01
LOGISTIC INTEGRAL #  2.074510
