

Assembler for the Burroughs 220 BALGOL Compiler & Library -- 2017-12-21 07:58

Source File: ATAN.card

START PASS 1

   .00.0     0000   ERROR DEFN  100
   .00.0     0000   ATAN  CRB
   .00.0     0001         LDB 8 ATAN
   .00.0     0002         CFA 6 ERROR+51,00   =1.0=
   .00.0     0003         STA 6 ERROR+52
   .00.0     0004         STB 8 C+,44
   .00.0     0005         BCL 8 B+
   .00.0     0006         DFL 8 C+,44,1
   .00.0     0007         F4248 5010,10,+5099999999
   .00.0     0008         FDV 6 ERROR+52
   .00.0     0009   *B    CFA 8 *-2,00
   .00.0     0010         BCL 8 A+
   .00.0     0011         SLA   2
   .00.0     0012         STA 6 ERROR+52
   .00.0     0013         MUL 6 ERROR+52
   .00.0     0014         STA 6 ERROR+49      B
   .00.0     0015         MUL 8 +0049017591                                     A1
   .00.0     0016         ADD 8 +0565030980                                     A2
   .00.0     0017         MUL 6 ERROR+49      B
   .00.0     0018         ADD 8 +1453567135                                     A3
   .00.0     0019         MUL 6 ERROR+49      B
   .00.0     0020         ADD 8 +1000000000                                     A4
   .00.0     0021         STA 6 ERROR+50      C                                 Z
   .00.0     0022         CAD 8 +0008561189                                     B1
   .00.0     0023         MUL 6 ERROR+49      B
   .00.0     0024         ADD 8 +0280504541                                     B2
   .00.0     0025         MUL 6 ERROR+49      B
   .00.0     0026         ADD 8 +1120234014                                     B3
   .00.0     0027         MUL 6 ERROR+49      B
   .00.0     0028         ADD 8 +1000000000                                     B4
   .00.0     0029         MUL 6 ERROR+52
   .00.0     0030         SRT   2
   .00.0     0031         DIV 6 ERROR+50      C
   .00.0     0032         STA 6 ERROR+50      C
   .00.0     0033         IFL 6 ERROR+50,11,5
   .00.0     0034         CAD 6 ERROR+50      C
   .00.0     0035   *C    IBB - 0,0
   .00.0     0036         CAD 8 +5115707963                                     PI/2
   .00.0     0037         LDR 6 ERROR+52
   .00.0     0038         SLT   0
   .00.0     0039         FSU 6 ERROR+50      C
   .00.0     0040         BUN - 1
   .00.0     0041   *A    STA 6 ERROR+52
   .00.0     0042         FMU 6 ERROR+52
   .00.0     0043         STA 6 ERROR+49      B
   .00.0     0044         FMU 8 -5014281428                                     C1
   .00.0     0045         FAD 8 +5020000000                                     C2
   .00.0     0046         FMU 6 ERROR+49      B
   .00.0     0047         FSU 8 +5033333333                                     C3=-1/3
   .00.0     0048         FMU 6 ERROR+49      B
   .00.0     0049         FMU 6 ERROR+52
   .00.0     0050         FAD 6 ERROR+52
   .00.0     0051         STA 6 ERROR+50      C
   .00.0     0052         BUN 8 C-
   .00.0     0053   LOCN  LOCN  *+12
   .00.0     0065         CNST  40000990000
   .00.0     0066         CNST  $ARCTAN,REAL(REAL) ERROR=1 $
   .00.0     0072         CNST  90000000000
   .00.0     0073         LOCN  LOCN
   .00.0     0053         FINI  ATAN
             0053               +5099999999
             0054               +0049017591
             0055               +0565030980
             0056               +1453567135
             0057               +1000000000
             0058               +0008561189
             0059               +0280504541
             0060               +1120234014
             0061               +5115707963
             0062               -5014281428
             0063               +5020000000
             0064               +5033333333


SYMBOL TABLE

   41 *A..1             9 *B..1            35 *C..1            58 +0008561189      54 +0049017591
   59 +0280504541      55 +0565030980      57 +1000000000      60 +1120234014      56 +1453567135
   63 +5020000000      64 +5033333333      53 +5099999999      61 +5115707963      62 -5014281428
    0 ATAN              8 BMOD            100 ERROR            53 LOCN              1 RLO

END PASS 1, ERRORS = 0


START PASS 2

   .00.0     1      0000                   ERROR DEFN  100
   .00.0     2      0000  0 0006 45 0000   ATAN  CRB
   .00.0     3      0001  8 0000 42 0000         LDB 8 ATAN
   .00.0     4      0002  6 0010 18 0151         CFA 6 ERROR+51,00   =1.0=
   .00.0     5      0003  6 0000 40 0152         STA 6 ERROR+52
   .00.0     6      0004  8 4412 40 0035         STB 8 C+,44
   .00.0     7      0005  8 0001 34 0009         BCL 8 B+
   .00.0     8      0006  8 4401 27 0035         DFL 8 C+,44,1
   .00.0     9      0007  8 5010 10 0053         F4248 5010,10,+5099999999
   .00.0    10      0008  6 0000 25 0152         FDV 6 ERROR+52
   .00.0    11      0009  8 0010 18 0007   *B    CFA 8 *-2,00
   .00.0    12      0010  8 0001 34 0041         BCL 8 A+
   .00.0    13      0011  0 0000 49 0002         SLA   2
   .00.0    14      0012  6 0000 40 0152         STA 6 ERROR+52
   .00.0    15      0013  6 0000 14 0152         MUL 6 ERROR+52
   .00.0    16      0014  6 0000 40 0149         STA 6 ERROR+49      B
   .00.0    17      0015  8 0000 14 0054         MUL 8 +0049017591                                     A1
   .00.0    18      0016  8 0000 12 0055         ADD 8 +0565030980                                     A2
   .00.0    19      0017  6 0000 14 0149         MUL 6 ERROR+49      B
   .00.0    20      0018  8 0000 12 0056         ADD 8 +1453567135                                     A3
   .00.0    21      0019  6 0000 14 0149         MUL 6 ERROR+49      B
   .00.0    22      0020  8 0000 12 0057         ADD 8 +1000000000                                     A4
   .00.0    23      0021  6 0000 40 0150         STA 6 ERROR+50      C                                 Z
   .00.0    24      0022  8 0000 10 0058         CAD 8 +0008561189                                     B1
   .00.0    25      0023  6 0000 14 0149         MUL 6 ERROR+49      B
   .00.0    26      0024  8 0000 12 0059         ADD 8 +0280504541                                     B2
   .00.0    27      0025  6 0000 14 0149         MUL 6 ERROR+49      B
   .00.0    28      0026  8 0000 12 0060         ADD 8 +1120234014                                     B3
   .00.0    29      0027  6 0000 14 0149         MUL 6 ERROR+49      B
   .00.0    30      0028  8 0000 12 0057         ADD 8 +1000000000                                     B4
   .00.0    31      0029  6 0000 14 0152         MUL 6 ERROR+52
   .00.0    32      0030  0 0001 48 0002         SRT   2
   .00.0    33      0031  6 0000 15 0150         DIV 6 ERROR+50      C
   .00.0    34      0032  6 0000 40 0150         STA 6 ERROR+50      C
   .00.0    35      0033  6 1105 26 0150         IFL 6 ERROR+50,11,5
   .00.0    36      0034  6 0000 10 0150         CAD 6 ERROR+50      C
   .00.0    37      0035  1 0000 20 0000   *C    IBB - 0,0
   .00.0    38      0036  8 0000 10 0061         CAD 8 +5115707963                                     PI/2
   .00.0    39      0037  6 0000 41 0152         LDR 6 ERROR+52
   .00.0    40      0038  0 0001 49 0000         SLT   0
   .00.0    41      0039  6 0000 23 0150         FSU 6 ERROR+50      C
   .00.0    42      0040  1 0000 30 0001         BUN - 1
   .00.0    43      0041  6 0000 40 0152   *A    STA 6 ERROR+52
   .00.0    44      0042  6 0000 24 0152         FMU 6 ERROR+52
   .00.0    45      0043  6 0000 40 0149         STA 6 ERROR+49      B
   .00.0    46      0044  8 0000 24 0062         FMU 8 -5014281428                                     C1
   .00.0    47      0045  8 0000 22 0063         FAD 8 +5020000000                                     C2
   .00.0    48      0046  6 0000 24 0149         FMU 6 ERROR+49      B
   .00.0    49      0047  8 0000 23 0064         FSU 8 +5033333333                                     C3=-1/3
   .00.0    50      0048  6 0000 24 0149         FMU 6 ERROR+49      B
   .00.0    51      0049  6 0000 24 0152         FMU 6 ERROR+52
   .00.0    52      0050  6 0000 22 0152         FAD 6 ERROR+52
   .00.0    53      0051  6 0000 40 0150         STA 6 ERROR+50      C
   .00.0    54      0052  8 0000 30 0035         BUN 8 C-
   .00.0    55      0053                   LOCN  LOCN  *+12
   .00.0    56      0065  4 0000 99 0000         CNST  40000990000
   .00.0    57      0066  2 4159 43 6341         CNST  $ARCTAN,REAL(REAL) ERROR=1 $
                    0067  2 5523 59 4541
                    0068  2 5324 59 4541
                    0069  2 5304 00 4559
                    0070  2 5956 59 0081
                    0071  2 0000 00 0000
   .00.0    58      0072  9 0000 00 0000         CNST  90000000000
   .00.0    59      0073                         LOCN  LOCN
   .00.0    60      0053                         FINI  ATAN
                    0053  0 5099 99 9999               +5099999999
                    0054  0 0049 01 7591               +0049017591
                    0055  0 0565 03 0980               +0565030980
                    0056  0 1453 56 7135               +1453567135
                    0057  0 1000 00 0000               +1000000000
                    0058  0 0008 56 1189               +0008561189
                    0059  0 0280 50 4541               +0280504541
                    0060  0 1120 23 4014               +1120234014
                    0061  0 5115 70 7963               +5115707963
                    0062  1 5014 28 1428               -5014281428
                    0063  0 5020 00 0000               +5020000000
                    0064  0 5033 33 3333               +5033333333


SYMBOL TABLE

   41 *A..1             9 *B..1            35 *C..1            58 +0008561189      54 +0049017591
   59 +0280504541      55 +0565030980      57 +1000000000      60 +1120234014      56 +1453567135
   63 +5020000000      64 +5033333333      53 +5099999999      61 +5115707963      62 -5014281428
    0 ATAN              8 BMOD            100 ERROR            53 LOCN              1 RLO

END PASS 2, ERRORS = 0

