Assembler for the Burroughs 220 BALGOL Compiler & Library -- 2018-01-11 06:07

Source File: ENTIR.card
START PASS 1

   .00.0     0000   ENTIR CRB
   .00.0     0001         CFA 8 +5810000000,22
   .00.0     0002         BCH 8 A+
   .00.0     0003         SRT   0
   .00.0     0004         BPA 8 B+
   .00.0     0005         LSA   0
   .00.0     0006         FAD 8 +5099999999
   .00.0     0007   *B    FAD 8 +5810000000
   .00.0     0008         FSU 8 +5810000000
   .00.0     0009         SLT   0
   .00.0     0010   *A    LDB 8 ENTIR
   .00.0     0011         BUN - 0
   .00.0     0012   LOCN  LOCN  *+2
   .00.0     0014         CNST  40000990000
   .00.0     0015         CNST  $ENTIRE,REAL(REAL) $
   .00.0     0019         CNST  90000000000
   .00.0     0020         LOCN  LOCN
   .00.0     0012         FINI  ENTIR
             0012               +5810000000
             0013               +5099999999


END PASS 1, ERRORS = 0

START PASS 2

   .00.0     1      0000  0 0006 45 0000   ENTIR CRB
   .00.0     2      0001  8 2210 18 0012         CFA 8 +5810000000,22
   .00.0     3      0002  8 0000 34 0010         BCH 8 A+
   .00.0     4      0003  0 0001 48 0000         SRT   0
   .00.0     5      0004  8 0000 33 0007         BPA 8 B+
   .00.0     6      0005  0 0000 43 0000         LSA   0
   .00.0     7      0006  8 0000 22 0013         FAD 8 +5099999999
   .00.0     8      0007  8 0000 22 0012   *B    FAD 8 +5810000000
   .00.0     9      0008  8 0000 23 0012         FSU 8 +5810000000
   .00.0    10      0009  0 0001 49 0000         SLT   0
   .00.0    11      0010  8 0000 42 0000   *A    LDB 8 ENTIR
   .00.0    12      0011  1 0000 30 0000         BUN - 0
   .00.0    13      0012                   LOCN  LOCN  *+2
   .00.0    14      0014  4 0000 99 0000         CNST  40000990000
   .00.0    15      0015  2 4555 63 4959         CNST  $ENTIRE,REAL(REAL) $
                    0016  2 4523 59 4541
                    0017  2 5324 59 4541
                    0018  2 5304 00 0000
   .00.0    16      0019  9 0000 00 0000         CNST  90000000000
   .00.0    17      0020                         LOCN  LOCN
   .00.0    18      0012                         FINI  ENTIR
                    0012  0 5810 00 0000               +5810000000
                    0013  0 5099 99 9999               +5099999999


SYMBOL TABLE

   10 *A..1             7 *B..1            13 +5099999999      12 +5810000000       8 BMOD
    0 ENTIR            12 LOCN              1 RLO

END PASS 2, ERRORS = 0
