Assembler for the Burroughs 220 BALGOL Compiler & Library -- 2018-01-11 06:09

Source File: ERROR.card
                          HEAD  THE LIBRARY ERROR SUBROUTINE
START PASS 1

   .00.0     0000   ERROR DEFN  *
   .00.0     0000   ERA   STP 8 C+
   .00.0     0001         BUN 8 A+
   .00.0     0002   MSGA  CNST  $RESULT OUT OF RANGE IN   $
   .00.0     0007   ERB   STP 8 C+
   .00.0     0008         BUN 8 A+
   .00.0     0009   MSGB  CNST  $RESULT UNDEFINED FOR     $
   .00.0     0014   ERC   STP 8 C+
   .00.0     0015         BUN 8 A+
   .00.0     0016   MSGC  CNST  $RESULT ILL-DEFINED FOR   $
   .00.0     0021   ERD   CLL 8 OUT+5
   .00.0     0022         STP 8 C+
   .00.0     0023         BUN 8 A++2
   .00.0     0024   Z     CNST  0
   .00.0     0025   MSGD  CNST  $ ARITHMETIC OVERFLOW$
   .00.0     0029   *A    STR 8 OUT+5
   .00.0     0030         CAR
   .00.0     0031         STB 8 B+,04
   .00.0     0032         LDB 8 OUT1
   .00.0     0033   *C    RTF   *,5
   .00.0     0034         F4246 1106,44,0100
   .00.0     0035         F4246 OUT,30,0100
   .00.0     0036   *B    BUN   *
   .00.0     0037   OUT   CNST  0,0,0,0,0,0,0,0,0,0,0
   .00.0     0048   H     CNST  5000000000
   .00.0     0049   B     CNST  0
   .00.0     0050   C     CNST  0
   .00.0     0051   ONE   CNST  5110000000
   .00.0     0052   A     CNST  0
   .00.0     0053   OUT1  HLT 8 OUT
   .00.0     0054         CNST  40000990000
   .00.0     0055         CNST  $ERROR RITE=1 $
   .00.0     0058         CNST  90000000000
   .00.0     0059         FINI  ERROR


END PASS 1, ERRORS = 0

START PASS 2

   .00.0     2      0000                   ERROR DEFN  *
   .00.0     3      0000  8 0000 44 0033   ERA   STP 8 C+
   .00.0     4      0001  8 0000 30 0029         BUN 8 A+
   .00.0     5      0002  2 5945 62 6453   MSGA  CNST  $RESULT OUT OF RANGE IN   $
                    0003  2 6300 56 6463
                    0004  2 0056 46 0059
                    0005  2 4155 47 4500
                    0006  2 4955 00 0000
   .00.0     6      0007  8 0000 44 0033   ERB   STP 8 C+
   .00.0     7      0008  8 0000 30 0029         BUN 8 A+
   .00.0     8      0009  2 5945 62 6453   MSGB  CNST  $RESULT UNDEFINED FOR     $
                    0010  2 6300 64 5544
                    0011  2 4546 49 5545
                    0012  2 4400 46 5659
                    0013  2 0000 00 0000
   .00.0     9      0014  8 0000 44 0033   ERC   STP 8 C+
   .00.0    10      0015  8 0000 30 0029         BUN 8 A+
   .00.0    11      0016  2 5945 62 6453   MSGC  CNST  $RESULT ILL-DEFINED FOR   $
                    0017  2 6300 49 5353
                    0018  2 2044 45 4649
                    0019  2 5545 44 0046
                    0020  2 5659 00 0000
   .00.0    12      0021  8 0000 46 0042   ERD   CLL 8 OUT+5
   .00.0    13      0022  8 0000 44 0033         STP 8 C+
   .00.0    14      0023  8 0000 30 0031         BUN 8 A++2
   .00.0    15      0024  0 0000 00 0000   Z     CNST  0
   .00.0    16      0025  2 0041 59 4963   MSGD  CNST  $ ARITHMETIC OVERFLOW$
                    0026  2 4854 45 6349
                    0027  2 4300 56 6545
                    0028  2 5946 53 5666
   .00.0    17      0029  8 0001 40 0042   *A    STR 8 OUT+5
   .00.0    18      0030  0 0003 45 0000         CAR
   .00.0    19      0031  8 0412 40 0036         STB 8 B+,04
   .00.0    20      0032  8 0000 42 0053         LDB 8 OUT1
   .00.0    21      0033  0 0050 29 0033   *C    RTF   *,5
   .00.0    22      0034  6 1106 44 0100         F4246 1106,44,0100
   .00.0    23      0035  6 0037 30 0100         F4246 OUT,30,0100
   .00.0    24      0036  0 0000 30 0036   *B    BUN   *
   .00.0    25      0037  0 0000 00 0000   OUT   CNST  0,0,0,0,0,0,0,0,0,0,0
                    0038  0 0000 00 0000
                    0039  0 0000 00 0000
                    0040  0 0000 00 0000
                    0041  0 0000 00 0000
                    0042  0 0000 00 0000
                    0043  0 0000 00 0000
                    0044  0 0000 00 0000
                    0045  0 0000 00 0000
                    0046  0 0000 00 0000
                    0047  0 0000 00 0000
   .00.0    26      0048  0 5000 00 0000   H     CNST  5000000000
   .00.0    27      0049  0 0000 00 0000   B     CNST  0
   .00.0    28      0050  0 0000 00 0000   C     CNST  0
   .00.0    29      0051  0 5110 00 0000   ONE   CNST  5110000000
   .00.0    30      0052  0 0000 00 0000   A     CNST  0
   .00.0    31      0053  8 0000 00 0037   OUT1  HLT 8 OUT
   .00.0    32      0054  4 0000 99 0000         CNST  40000990000
   .00.0    33      0055  2 4559 59 5659         CNST  $ERROR RITE=1 $
                    0056  2 0059 49 6345
                    0057  2 3381 00 0000
   .00.0    34      0058  9 0000 00 0000         CNST  90000000000
   .00.0    35      0059                         FINI  ERROR


SYMBOL TABLE

   29 *A..1            36 *B..1            33 *C..1            52 A                49 B
    8 BMOD             50 C                 0 ERA               7 ERB              14 ERC
   21 ERD               0 ERROR            48 H                 2 MSGA              9 MSGB
   16 MSGC             25 MSGD             51 ONE              37 OUT              53 OUT1
    1 RLO              24 Z

END PASS 2, ERRORS = 0
