Assembler for the Burroughs 220 BALGOL Compiler & Library -- 2018-01-11 06:17

Source File: FLFX.card
START PASS 1

   .00.0     0000   ERROR DEFN  100
   .00.0     0000   FLFX  F4247 3,01,*
   .00.0     0001         DLB 8 *-1,44,0
   .00.0     0002         BOF 6 ERROR+21
   .00.0     0003         STR 6 ERROR+49      B
   .00.0     0004         STA 6 ERROR+52
   .00.0     0005         LDB 8 FLFX
   .00.0     0006         BZA 8 A+
   .00.0     0007         CAD 6 ERROR+51      =1.0=
   .00.0     0008         BZR - 0
   .00.0     0009         STA 6 ERROR+50      C
   .00.0     0010   *B    CAD 6 ERROR+48       =5(11)=
   .00.0     0011         MUL 6 ERROR+49      B
   .00.0     0012         STA 6 ERROR+49      B
   .00.0     0013         BZR 8 C+
   .00.0     0014         CAD 6 ERROR+50      C
   .00.0     0015         FMU 6 ERROR+52
   .00.0     0016         STA 6 ERROR+50      C
   .00.0     0017   *C    LDR 6 ERROR+49      B
   .00.0     0018         BZR 8 D+
   .00.0     0019         CAD 6 ERROR+52
   .00.0     0020         FMU 6 ERROR+52
   .00.0     0021         STA 6 ERROR+52
   .00.0     0022         BUN 8 B-
   .00.0     0023   *D    BOF 8 F+
   .00.0     0024         BFR 8 E+,12,10
   .00.0     0025         BUN - 0
   .00.0     0026   *E    CAD 6 ERROR+51      =1.0=
   .00.0     0027         FDV 6 ERROR+50      C
   .00.0     0028         BUN - 0
   .00.0     0029   *A    CFR 6 ERROR+24      =0=
   .00.0     0030         BCH - 0
   .00.0     0031         LDR 8 $FLFX$
   .00.0     0032         BUN 6 ERROR+7
   .00.0     0033   *F    CLA
   .00.0     0034         BFR - 0,12,10
   .00.0     0035         LDR 8 $FLFX$
   .00.0     0036         BUN 6 ERROR
   .00.0     0037   LOCN  LOCN  *+1
   .00.0     0038         CNST  40000990000
   .00.0     0039         CNST  $FL*FX ERROR=1 $
   .00.0     0042         CNST  90000000000
   .00.0     0043         LOCN  LOCN
   .00.0     0037         FINI  1
             0037               $FLFX


END PASS 1, ERRORS = 0

START PASS 2

   .00.0     1      0000                   ERROR DEFN  100
   .00.0     2      0000  7 0003 01 0000   FLFX  F4247 3,01,*
   .00.0     3      0001  8 4400 28 0000         DLB 8 *-1,44,0
   .00.0     4      0002  6 0000 31 0121         BOF 6 ERROR+21
   .00.0     5      0003  6 0001 40 0149         STR 6 ERROR+49      B
   .00.0     6      0004  6 0000 40 0152         STA 6 ERROR+52
   .00.0     7      0005  8 0000 42 0000         LDB 8 FLFX
   .00.0     8      0006  8 0000 36 0029         BZA 8 A+
   .00.0     9      0007  6 0000 10 0151         CAD 6 ERROR+51      =1.0=
   .00.0    10      0008  1 0000 37 0000         BZR - 0
   .00.0    11      0009  6 0000 40 0150         STA 6 ERROR+50      C
   .00.0    12      0010  6 0000 10 0148   *B    CAD 6 ERROR+48       =5(11)=
   .00.0    13      0011  6 0000 14 0149         MUL 6 ERROR+49      B
   .00.0    14      0012  6 0000 40 0149         STA 6 ERROR+49      B
   .00.0    15      0013  8 0000 37 0017         BZR 8 C+
   .00.0    16      0014  6 0000 10 0150         CAD 6 ERROR+50      C
   .00.0    17      0015  6 0000 24 0152         FMU 6 ERROR+52
   .00.0    18      0016  6 0000 40 0150         STA 6 ERROR+50      C
   .00.0    19      0017  6 0000 41 0149   *C    LDR 6 ERROR+49      B
   .00.0    20      0018  8 0000 37 0023         BZR 8 D+
   .00.0    21      0019  6 0000 10 0152         CAD 6 ERROR+52
   .00.0    22      0020  6 0000 24 0152         FMU 6 ERROR+52
   .00.0    23      0021  6 0000 40 0152         STA 6 ERROR+52
   .00.0    24      0022  8 0000 30 0010         BUN 8 B-
   .00.0    25      0023  8 0000 31 0033   *D    BOF 8 F+
   .00.0    26      0024  8 1210 37 0026         BFR 8 E+,12,10
   .00.0    27      0025  1 0000 30 0000         BUN - 0
   .00.0    28      0026  6 0000 10 0151   *E    CAD 6 ERROR+51      =1.0=
   .00.0    29      0027  6 0000 25 0150         FDV 6 ERROR+50      C
   .00.0    30      0028  1 0000 30 0000         BUN - 0
   .00.0    31      0029  6 0001 18 0124   *A    CFR 6 ERROR+24      =0=
   .00.0    32      0030  1 0000 34 0000         BCH - 0
   .00.0    33      0031  8 0000 41 0037         LDR 8 $FLFX$
   .00.0    34      0032  6 0000 30 0107         BUN 6 ERROR+7
   .00.0    35      0033  0 0001 45 0000   *F    CLA
   .00.0    36      0034  1 1210 37 0000         BFR - 0,12,10
   .00.0    37      0035  8 0000 41 0037         LDR 8 $FLFX$
   .00.0    38      0036  6 0000 30 0100         BUN 6 ERROR
   .00.0    39      0037                   LOCN  LOCN  *+1
   .00.0    40      0038  4 0000 99 0000         CNST  40000990000
   .00.0    41      0039  2 4653 14 4667         CNST  $FL*FX ERROR=1 $
                    0040  2 0045 59 5956
                    0041  2 5933 81 0000
   .00.0    42      0042  9 0000 00 0000         CNST  90000000000
   .00.0    43      0043                         LOCN  LOCN
   .00.0    44      0037                         FINI  1
                    0037  2 4653 46 6700               $FLFX


SYMBOL TABLE

   37 $FLFX            29 *A..1            10 *B..1            17 *C..1            23 *D..1
   26 *E..1            33 *F..1             8 BMOD            100 ERROR             0 FLFX
   37 LOCN              1 RLO

END PASS 2, ERRORS = 0
