

Assembler for the Burroughs 220 BALGOL Compiler & Library -- 2017-12-21 08:26

Source File: FXFX.card

START PASS 1

   .00.0     0000   ERROR DEFN  100
   .00.0     0000   FXFX  CLB
   .00.0     0001         LDB 8 FXFX
   .00.0     0002         BZA 8 F+
   .00.0     0003         STR 6 ERROR+49      B
   .00.0     0004         STA 6 ERROR+52
   .00.0     0005         CLL 6 ERROR+50      C
   .00.0     0006         IFL 6 ERROR+50,00,1
   .00.0     0007   *A    CAD 6 ERROR+48         =5(11)
   .00.0     0008         MUL 6 ERROR+49      B
   .00.0     0009         STA 6 ERROR+49      B
   .00.0     0010         BZR 8 B+
   .00.0     0011         CAD 6 ERROR+50      C
   .00.0     0012         MUL 6 ERROR+52
   .00.0     0013         STR 6 ERROR+52      C
   .00.0     0014         BZA 8 B+
   .00.0     0015         BUN 8 A+
   .00.0     0016   *B    LDR 6 ERROR+49      B
   .00.0     0017         BZR 8 C+
   .00.0     0018         CAD 6 ERROR+52
   .00.0     0019         MUL 6 ERROR+52
   .00.0     0020         STR 6 ERROR+52
   .00.0     0021         BZA 8 A-
   .00.0     0022   *A    CAD 6 ERROR+49      B
   .00.0     0023         BMA 8 E+
   .00.0     0024         LDR 8 $FXFX$
   .00.0     0025         BUN 6 ERROR
   .00.0     0026   *C    CAD 6 ERROR+50      C
   .00.0     0027         BFR 8 D+,12,10
   .00.0     0028         BUN - 0
   .00.0     0029   *D    LDR 8 +1
   .00.0     0030         CLA
   .00.0     0031         DIV 6 ERROR+50      C
   .00.0     0032         BUN - 0
   .00.0     0033   *F    CFR 6 ERROR+24      ZERO
   .00.0     0034         BCH - 0
   .00.0     0035         LDR 8 $FXFX$
   .00.0     0036         BUN 6 ERROR+7
   .00.0     0037   *E    CLA
   .00.0     0038         BUN - 0
   .00.0     0039   LOCN  LOCN  *+2
   .00.0     0041         CNST  40000990000
   .00.0     0042         CNST  $FX*FX ERROR=1 $
   .00.0     0045         CNST  90000000000
   .00.0     0046         LOCN  LOCN
   .00.0     0039         FINI  FXFX
             0039               $FXFX
             0040               +0000000001


SYMBOL TABLE

   39 $FXFX             7 *A..1            22 *A..2            16 *B..1            26 *C..1
   29 *D..1            37 *E..1            33 *F..1            40 +0000000001       8 BMOD
  100 ERROR             0 FXFX             39 LOCN              1 RLO

END PASS 1, ERRORS = 0


START PASS 2

   .00.0     1      0000                   ERROR DEFN  100
   .00.0     2      0000  0 0004 45 0000   FXFX  CLB
   .00.0     3      0001  8 0000 42 0000         LDB 8 FXFX
   .00.0     4      0002  8 0000 36 0033         BZA 8 F+
   .00.0     5      0003  6 0001 40 0149         STR 6 ERROR+49      B
   .00.0     6      0004  6 0000 40 0152         STA 6 ERROR+52
   .00.0     7      0005  6 0000 46 0150         CLL 6 ERROR+50      C
   .00.0     8      0006  6 0001 26 0150         IFL 6 ERROR+50,00,1
   .00.0     9      0007  6 0000 10 0148   *A    CAD 6 ERROR+48         =5(11)
   .00.0    10      0008  6 0000 14 0149         MUL 6 ERROR+49      B
   .00.0    11      0009  6 0000 40 0149         STA 6 ERROR+49      B
   .00.0    12      0010  8 0000 37 0016         BZR 8 B+
   .00.0    13      0011  6 0000 10 0150         CAD 6 ERROR+50      C
   .00.0    14      0012  6 0000 14 0152         MUL 6 ERROR+52
   .00.0    15      0013  6 0001 40 0152         STR 6 ERROR+52      C
   .00.0    16      0014  8 0000 36 0016         BZA 8 B+
   .00.0    17      0015  8 0000 30 0022         BUN 8 A+
   .00.0    18      0016  6 0000 41 0149   *B    LDR 6 ERROR+49      B
   .00.0    19      0017  8 0000 37 0026         BZR 8 C+
   .00.0    20      0018  6 0000 10 0152         CAD 6 ERROR+52
   .00.0    21      0019  6 0000 14 0152         MUL 6 ERROR+52
   .00.0    22      0020  6 0001 40 0152         STR 6 ERROR+52
   .00.0    23      0021  8 0000 36 0007         BZA 8 A-
   .00.0    24      0022  6 0000 10 0149   *A    CAD 6 ERROR+49      B
   .00.0    25      0023  8 0001 33 0037         BMA 8 E+
   .00.0    26      0024  8 0000 41 0039         LDR 8 $FXFX$
   .00.0    27      0025  6 0000 30 0100         BUN 6 ERROR
   .00.0    28      0026  6 0000 10 0150   *C    CAD 6 ERROR+50      C
   .00.0    29      0027  8 1210 37 0029         BFR 8 D+,12,10
   .00.0    30      0028  1 0000 30 0000         BUN - 0
   .00.0    31      0029  8 0000 41 0040   *D    LDR 8 +1
   .00.0    32      0030  0 0001 45 0000         CLA
   .00.0    33      0031  6 0000 15 0150         DIV 6 ERROR+50      C
   .00.0    34      0032  1 0000 30 0000         BUN - 0
   .00.0    35      0033  6 0001 18 0124   *F    CFR 6 ERROR+24      ZERO
   .00.0    36      0034  1 0000 34 0000         BCH - 0
   .00.0    37      0035  8 0000 41 0039         LDR 8 $FXFX$
   .00.0    38      0036  6 0000 30 0107         BUN 6 ERROR+7
   .00.0    39      0037  0 0001 45 0000   *E    CLA
   .00.0    40      0038  1 0000 30 0000         BUN - 0
   .00.0    41      0039                   LOCN  LOCN  *+2
   .00.0    42      0041  4 0000 99 0000         CNST  40000990000
   .00.0    43      0042  2 4667 14 4667         CNST  $FX*FX ERROR=1 $
                    0043  2 0045 59 5956
                    0044  2 5900 81 0000
   .00.0    44      0045  9 0000 00 0000         CNST  90000000000
   .00.0    45      0046                         LOCN  LOCN
   .00.0    46      0039                         FINI  FXFX
                    0039  2 4667 46 6700               $FXFX
                    0040  0 0000 00 0001               +0000000001


SYMBOL TABLE

   39 $FXFX             7 *A..1            22 *A..2            16 *B..1            26 *C..1
   29 *D..1            37 *E..1            33 *F..1            40 +0000000001       8 BMOD
  100 ERROR             0 FXFX             39 LOCN              1 RLO

END PASS 2, ERRORS = 0

