

Assembler for the Burroughs 220 BALGOL Compiler & Library -- 2017-12-21 08:46

Source File: REED.card

START PASS 1

   .00.0     0000   READ  DEFN  100
   .00.0     0000   REED  NOP
   .00.0     0001         CRD   0117,1
   .00.0     0002         BUN 6 0111
   .00.0     0003         CNST  40000990000
   .00.0     0004         CNST  $REED READ=1 $
   .00.0     0007         CNST  90000000000
   .00.0     0008         FINI  REED


SYMBOL TABLE

    8 BMOD            100 READ              0 REED              1 RLO

END PASS 1, ERRORS = 0


START PASS 2

   .00.0     1      0000                   READ  DEFN  100
   .00.0     2      0000  0 0000 01 0000   REED  NOP
   .00.0     3      0001  0 1000 60 0117         CRD   0117,1
   .00.0     4      0002  6 0000 30 0111         BUN 6 0111
   .00.0     5      0003  4 0000 99 0000         CNST  40000990000
   .00.0     6      0004  2 5945 45 4400         CNST  $REED READ=1 $
                    0005  2 5945 41 4400
                    0006  2 8100 00 0000
   .00.0     7      0007  9 0000 00 0000         CNST  90000000000
   .00.0     8      0008                         FINI  REED


SYMBOL TABLE

    8 BMOD            100 READ              0 REED              1 RLO

END PASS 2, ERRORS = 0

