

Assembler for the Burroughs 220 BALGOL Compiler & Library -- 2017-12-21 08:54

Source File: RITE.card

START PASS 1

   .00.0     0000   RITE  NOP
   .00.0     0001         LDB 8 *-1
   .00.0     0002         CAD - 9999
   .00.0     0003         SRA   6
   .00.0     0004         STA 8 A+,04
   .00.0     0005         CAD - 9998
   .00.0     0006         STA 8 A+,42
   .00.0     0007         SRA   8
   .00.0     0008         SUB 8 +1
   .00.0     0009         ADL 8 A+
   .00.0     0010   *A    CWR   0,02,0
   .00.0     0011         BUN - 0
   .00.0     0012   LOCN  LOCN  *+1
   .00.0     0013         CNST  40000990000
   .00.0     0014         CNST  $RITE $
   .00.0     0015         CNST  90000000000
   .00.0     0016         LOCN  LOCN
   .00.0     0012         FINI  RITE
             0012               +0000000001


SYMBOL TABLE

   10 *A..1            12 +0000000001       8 BMOD             12 LOCN              0 RITE
    1 RLO

END PASS 1, ERRORS = 0


START PASS 2

   .00.0     1      0000  0 0000 01 0000   RITE  NOP
   .00.0     2      0001  8 0000 42 0000         LDB 8 *-1
   .00.0     3      0002  1 0000 10 9999         CAD - 9999
   .00.0     4      0003  0 0000 48 0006         SRA   6
   .00.0     5      0004  8 0410 40 0010         STA 8 A+,04
   .00.0     6      0005  1 0000 10 9998         CAD - 9998
   .00.0     7      0006  8 4210 40 0010         STA 8 A+,42
   .00.0     8      0007  0 0000 48 0008         SRA   8
   .00.0     9      0008  8 0000 13 0012         SUB 8 +1
   .00.0    10      0009  8 0000 19 0010         ADL 8 A+
   .00.0    11      0010  0 2008 61 0000   *A    CWR   0,02,0
   .00.0    12      0011  1 0000 30 0000         BUN - 0
   .00.0    13      0012                   LOCN  LOCN  *+1
   .00.0    14      0013  4 0000 99 0000         CNST  40000990000
   .00.0    15      0014  2 5949 63 4500         CNST  $RITE $
   .00.0    16      0015  9 0000 00 0000         CNST  90000000000
   .00.0    17      0016                         LOCN  LOCN
   .00.0    18      0012                         FINI  RITE
                    0012  0 0000 00 0001               +0000000001


SYMBOL TABLE

   10 *A..1            12 +0000000001       8 BMOD             12 LOCN              0 RITE
    1 RLO

END PASS 2, ERRORS = 0

