Assembler for the Burroughs 220 BALGOL Compiler & Library -- 2018-01-11 06:49

Source File: SIN.card
START PASS 1

   .00.0     0000   ERROR DEFN  100
   .00.0     0000   SIN   CRB
   .00.0     0001         LDR 8 SIN2
   .00.0     0002         STR 8 F+,04
   .00.0     0003         CLL 6 ERROR+52
   .00.0     0004         FMU 8 +5031830989                                     1/PI
   .00.0     0005         SLT   2
   .00.0     0006         STR 8 EXP,02
   .00.0     0007         LDB 8 EXP
   .00.0     0008         IBB 8 A+,9949
   .00.0     0009         DBB 8 B+,7
   .00.0     0010         SLT - 18
   .00.0     0011         STA 6 ERROR+52
   .00.0     0012         CAD 8 *+1
   .00.0     0013         SLT   50
   .00.0     0014   *A    SLT   18
   .00.0     0015         STA 6 ERROR+50      C
   .00.0     0016         FAD 6 ERROR+50      C
   .00.0     0017         CFA 6 ERROR+51,00   =1.0=
   .00.0     0018         BCL 8 D+
   .00.0     0019         LSA   0
   .00.0     0020         FSU 8 +5120000000
   .00.0     0021         SLT   0
   .00.0     0022   *D    STA 6 ERROR+50      C
   .00.0     0023         FMU 6 ERROR+50      C
   .00.0     0024         STA 6 ERROR+49      B
   .00.0     0025         FMU 8 +4715148419
   .00.0     0026         FAD 8 -4846737656
   .00.0     0027         FMU 6 ERROR+49      B
   .00.0     0028         FAD 8 +4979689679
   .00.0     0029         FMU 6 ERROR+49      B
   .00.0     0030         FAD 8 -5064596371
   .00.0     0031         FMU 6 ERROR+49      B
   .00.0     0032         FAD 8 +5057079632
   .00.0     0033         FMU 6 ERROR+50      C
   .00.0     0034         FAD 6 ERROR+50      C
   .00.0     0035         STA 6 ERROR+50      C
   .00.0     0036         CAD 6 ERROR+48     =5(11)=
   .00.0     0037         MUL 6 ERROR+52
   .00.0     0038         CAD 6 ERROR+50      C
   .00.0     0039         LDB 8 SIN
   .00.0     0040         BZR - 0
   .00.0     0041         CSU 6 ERROR+50     C
   .00.0     0042         BUN - 0
   .00.0     0043   *B    LDB 8 SIN
   .00.0     0044   *F    LDR 8 SIN1
   .00.0     0045         BUN 6 ERROR+14
   .00.0     0046   SIN2  HLT 8 SIN1
   .00.0     0047   SIN1  CNST  $SIN$
   .00.0     0048   EXP         0
   .00.0     0049   LOCN  LOCN  *+7
   .00.0     0056         CNST  40000990000
   .00.0     0057         CNST  $SIN,REAL(REAL) ERROR=1 $
   .00.0     0062         CNST  90000000000
   .00.0     0063         LOCN  LOCN
   .00.0     0049         FINI  SIN
             0049               +5031830989
             0050               +5120000000
             0051               +4715148419
             0052               -4846737656
             0053               +4979689679
             0054               -5064596371
             0055               +5057079632


END PASS 1, ERRORS = 0

START PASS 2

   .00.0     1      0000                   ERROR DEFN  100
   .00.0     2      0000  0 0006 45 0000   SIN   CRB
   .00.0     3      0001  8 0000 41 0046         LDR 8 SIN2
   .00.0     4      0002  8 0411 40 0044         STR 8 F+,04
   .00.0     5      0003  6 0000 46 0152         CLL 6 ERROR+52
   .00.0     6      0004  8 0000 24 0049         FMU 8 +5031830989                                     1/PI
   .00.0     7      0005  0 0001 49 0002         SLT   2
   .00.0     8      0006  8 0211 40 0048         STR 8 EXP,02
   .00.0     9      0007  8 0000 42 0048         LDB 8 EXP
   .00.0    10      0008  8 9949 20 0014         IBB 8 A+,9949
   .00.0    11      0009  8 0007 21 0043         DBB 8 B+,7
   .00.0    12      0010  1 0001 49 0018         SLT - 18
   .00.0    13      0011  6 0000 40 0152         STA 6 ERROR+52
   .00.0    14      0012  8 0000 10 0013         CAD 8 *+1
   .00.0    15      0013  0 0001 49 0050         SLT   50
   .00.0    16      0014  0 0001 49 0018   *A    SLT   18
   .00.0    17      0015  6 0000 40 0150         STA 6 ERROR+50      C
   .00.0    18      0016  6 0000 22 0150         FAD 6 ERROR+50      C
   .00.0    19      0017  6 0010 18 0151         CFA 6 ERROR+51,00   =1.0=
   .00.0    20      0018  8 0001 34 0022         BCL 8 D+
   .00.0    21      0019  0 0000 43 0000         LSA   0
   .00.0    22      0020  8 0000 23 0050         FSU 8 +5120000000
   .00.0    23      0021  0 0001 49 0000         SLT   0
   .00.0    24      0022  6 0000 40 0150   *D    STA 6 ERROR+50      C
   .00.0    25      0023  6 0000 24 0150         FMU 6 ERROR+50      C
   .00.0    26      0024  6 0000 40 0149         STA 6 ERROR+49      B
   .00.0    27      0025  8 0000 24 0051         FMU 8 +4715148419
   .00.0    28      0026  8 0000 22 0052         FAD 8 -4846737656
   .00.0    29      0027  6 0000 24 0149         FMU 6 ERROR+49      B
   .00.0    30      0028  8 0000 22 0053         FAD 8 +4979689679
   .00.0    31      0029  6 0000 24 0149         FMU 6 ERROR+49      B
   .00.0    32      0030  8 0000 22 0054         FAD 8 -5064596371
   .00.0    33      0031  6 0000 24 0149         FMU 6 ERROR+49      B
   .00.0    34      0032  8 0000 22 0055         FAD 8 +5057079632
   .00.0    35      0033  6 0000 24 0150         FMU 6 ERROR+50      C
   .00.0    36      0034  6 0000 22 0150         FAD 6 ERROR+50      C
   .00.0    37      0035  6 0000 40 0150         STA 6 ERROR+50      C
   .00.0    38      0036  6 0000 10 0148         CAD 6 ERROR+48     =5(11)=
   .00.0    39      0037  6 0000 14 0152         MUL 6 ERROR+52
   .00.0    40      0038  6 0000 10 0150         CAD 6 ERROR+50      C
   .00.0    41      0039  8 0000 42 0000         LDB 8 SIN
   .00.0    42      0040  1 0000 37 0000         BZR - 0
   .00.0    43      0041  6 0000 11 0150         CSU 6 ERROR+50     C
   .00.0    44      0042  1 0000 30 0000         BUN - 0
   .00.0    45      0043  8 0000 42 0000   *B    LDB 8 SIN
   .00.0    46      0044  8 0000 41 0047   *F    LDR 8 SIN1
   .00.0    47      0045  6 0000 30 0114         BUN 6 ERROR+14
   .00.0    48      0046  8 0000 00 0047   SIN2  HLT 8 SIN1
   .00.0    49      0047  2 6249 55 0000   SIN1  CNST  $SIN$
   .00.0    50      0048  0 0000 00 0000   EXP         0
   .00.0    51      0049                   LOCN  LOCN  *+7
   .00.0    52      0056  4 0000 99 0000         CNST  40000990000
   .00.0    53      0057  2 6249 55 2359         CNST  $SIN,REAL(REAL) ERROR=1 $
                    0058  2 4541 53 2459
                    0059  2 4541 53 0400
                    0060  2 4559 59 5659
                    0061  2 3381 00 0000
   .00.0    54      0062  9 0000 00 0000         CNST  90000000000
   .00.0    55      0063                         LOCN  LOCN
   .00.0    56      0049                         FINI  SIN
                    0049  0 5031 83 0989               +5031830989
                    0050  0 5120 00 0000               +5120000000
                    0051  0 4715 14 8419               +4715148419
                    0052  1 4846 73 7656               -4846737656
                    0053  0 4979 68 9679               +4979689679
                    0054  1 5064 59 6371               -5064596371
                    0055  0 5057 07 9632               +5057079632


SYMBOL TABLE

   14 *A..1            43 *B..1            22 *D..1            44 *F..1            51 +4715148419
   53 +4979689679      49 +5031830989      55 +5057079632      50 +5120000000      52 -4846737656
   54 -5064596371       8 BMOD            100 ERROR            48 EXP              49 LOCN
    1 RLO               0 SIN              47 SIN1             46 SIN2

END PASS 2, ERRORS = 0
