

Assembler for the Burroughs 220 BALGOL Compiler & Library -- 2017-12-21 17:29

Source File: SINH.card

START PASS 1

   .00.0     0000   EXP   DEFN  100
   .00.0     0000   ERROR DEFN  200
   .00.0     0000   SINH  CLR
   .00.0     0001         CFA 6 EXP+71,00
   .00.0     0002         BCH 8 C+
   .00.0     0003         CFA 8 +5050000000,00
   .00.0     0004         BCL 8 A+
   .00.0     0005         STP 6 EXP
   .00.0     0006         BUN 6 EXP+2
   .00.0     0007         STA 6 ERROR+52
   .00.0     0008         CSU 6 ERROR+51      =1.0=
   .00.0     0009         FDV 6 ERROR+52
   .00.0     0010         FAD 6 ERROR+52
   .00.0     0011         FMU 8 +5050000000
   .00.0     0012   *B    LDB 8 SINH
   .00.0     0013         BUN - 0
   .00.0     0014   *A    STA 6 ERROR+52
   .00.0     0015         FMU 6 ERROR+52
   .00.0     0016         STA 6 ERROR+49      B
   .00.0     0017         FMU 8 +4719841270
   .00.0     0018         FAD 8 +4883333333
   .00.0     0019         FMU 6 ERROR+49      B
   .00.0     0020         FAD 8 +5016666667
   .00.0     0021         FMU 6 ERROR+49      B
   .00.0     0022         FMU 6 ERROR+52
   .00.0     0023         FAD 6 ERROR+52
   .00.0     0024         BUN 8 B-
   .00.0     0025   *C    LDB 8 SINH
   .00.0     0026         LDR 8 $SINH$
   .00.0     0027         BUN 6 ERROR
   .00.0     0028   LOCN  LOCN  *+5
   .00.0     0033         CNST  40000990000
   .00.0     0034         CNST  $SINH,REAL(REAL) EXP=1 ERROR=2 $
   .00.0     0040         CNST  90000000000
   .00.0     0041         LOCN  LOCN
   .00.0     0028         FINI  SINH
             0028               +5050000000
             0029               +4719841270
             0030               +4883333333
             0031               +5016666667
             0032               $SINH


SYMBOL TABLE

   32 $SINH            14 *A..1            12 *B..1            25 *C..1            29 +4719841270
   30 +4883333333      31 +5016666667      28 +5050000000       8 BMOD            200 ERROR
  100 EXP              28 LOCN              1 RLO               0 SINH

END PASS 1, ERRORS = 0


START PASS 2

   .00.0     1      0000                   EXP   DEFN  100
   .00.0     2      0000                   ERROR DEFN  200
   .00.0     3      0000  0 0002 45 0000   SINH  CLR
   .00.0     4      0001  6 0010 18 0171         CFA 6 EXP+71,00
   .00.0     5      0002  8 0000 34 0025         BCH 8 C+
   .00.0     6      0003  8 0010 18 0028         CFA 8 +5050000000,00
   .00.0     7      0004  8 0001 34 0014         BCL 8 A+
   .00.0     8      0005  6 0000 44 0100         STP 6 EXP
   .00.0     9      0006  6 0000 30 0102         BUN 6 EXP+2
   .00.0    10      0007  6 0000 40 0252         STA 6 ERROR+52
   .00.0    11      0008  6 0000 11 0251         CSU 6 ERROR+51      =1.0=
   .00.0    12      0009  6 0000 25 0252         FDV 6 ERROR+52
   .00.0    13      0010  6 0000 22 0252         FAD 6 ERROR+52
   .00.0    14      0011  8 0000 24 0028         FMU 8 +5050000000
   .00.0    15      0012  8 0000 42 0000   *B    LDB 8 SINH
   .00.0    16      0013  1 0000 30 0000         BUN - 0
   .00.0    17      0014  6 0000 40 0252   *A    STA 6 ERROR+52
   .00.0    18      0015  6 0000 24 0252         FMU 6 ERROR+52
   .00.0    19      0016  6 0000 40 0249         STA 6 ERROR+49      B
   .00.0    20      0017  8 0000 24 0029         FMU 8 +4719841270
   .00.0    21      0018  8 0000 22 0030         FAD 8 +4883333333
   .00.0    22      0019  6 0000 24 0249         FMU 6 ERROR+49      B
   .00.0    23      0020  8 0000 22 0031         FAD 8 +5016666667
   .00.0    24      0021  6 0000 24 0249         FMU 6 ERROR+49      B
   .00.0    25      0022  6 0000 24 0252         FMU 6 ERROR+52
   .00.0    26      0023  6 0000 22 0252         FAD 6 ERROR+52
   .00.0    27      0024  8 0000 30 0012         BUN 8 B-
   .00.0    28      0025  8 0000 42 0000   *C    LDB 8 SINH
   .00.0    29      0026  8 0000 41 0032         LDR 8 $SINH$
   .00.0    30      0027  6 0000 30 0200         BUN 6 ERROR
   .00.0    31      0028                   LOCN  LOCN  *+5
   .00.0    32      0033  4 0000 99 0000         CNST  40000990000
   .00.0    33      0034  2 6249 55 4823         CNST  $SINH,REAL(REAL) EXP=1 ERROR=2 $
                    0035  2 5945 41 5324
                    0036  2 5945 41 5304
                    0037  2 0045 67 5700
                    0038  2 8100 45 5959
                    0039  2 5659 00 8200
   .00.0    34      0040  9 0000 00 0000         CNST  90000000000
   .00.0    35      0041                         LOCN  LOCN
   .00.0    36      0028                         FINI  SINH
                    0028  0 5050 00 0000               +5050000000
                    0029  0 4719 84 1270               +4719841270
                    0030  0 4883 33 3333               +4883333333
                    0031  0 5016 66 6667               +5016666667
                    0032  2 6249 55 4800               $SINH


SYMBOL TABLE

   32 $SINH            14 *A..1            12 *B..1            25 *C..1            29 +4719841270
   30 +4883333333      31 +5016666667      28 +5050000000       8 BMOD            200 ERROR
  100 EXP              28 LOCN              1 RLO               0 SINH

END PASS 2, ERRORS = 0

