
0200                                     BAC-220 STANDARD VERSION   2/1/62  

0200     COMMENT PAPER-TAPE HELLO WORLD PROGRAM$
     0200   0 0000 30           
     0201   2 4845 53 5356 
     0202   2 0066 56 5953 
     0203   3 4414 00 0000 
     0204   0 0006 60 0000 
     0205   1 0000 00 0201 

0200     FORMAT F1%*HELLO WORLD*,W0¤$ 
     0200             0206

0206     WRITE%$$ F1¤$ 
     0206   0 0000 10 0207 
     0207   0 0000 01 0201 F1   
     0208   0 0000 44 4760 WRITE
     0209   0 0000 30 4760 

0210     FINISH$  
     0210   0 9669 00 9669 
     0211   0 1000 60 0000 
     4760   0 0100 01 0000 
     4761   0 0410 40 4796 
     4762   0 0000 42 4764 
     4763   0 0010 29 4996 
     4764   0 0300 29 0101 
     4765   0 0000 42 4760 
     4766   0 0412 40 4845 
     4767   1 0000 41 9999 
     4768   0 0009 43 7557 
     4769   0 2200 37 4773 
     4770   0 0000 42 0100 
     4771   1 0000 44 0000 
     4772   1 2201 37 0001 
     4773   0 0000 40 0132 
     4774   0 0412 40 4827 
     4775   0 0000 41 0130 
     4776   0 0000 37 4794 
     4777   0 0000 10 0134 
     4778   0 0000 46 0133 
     4779   0 5246 37 4956 
     4780   0 5267 37 4932 
     4781   0 5249 37 4870 
     4782   0 5262 37 4983 
     4783   0 5241 37 4785 
     4784   0 0000 30 4971 
     4785   0 0000 41 4803 
     4786   0 0001 27 0129 
     4787   0 0000 44 4928 
     4788   0 0000 30 4919 
     4789   0 0000 10 0129 
     4790   0 0000 36 4810 
     4791   0 2299 37 4824 
     4792   0 0001 49 0010 
     4793   0 0000 30 4786 
     4794   0 0000 42 4761 
     4795   0 0000 31 4643 ERROR
     4796   0 0000 10 9999 
     4797   0 0401 26 4796 
     4798   0 0000 33 4812 
     4799   0 0000 41 4803 
     4800   0 0001 33 4828 
     4801   0 2214 36 4796 
     4802   0 0000 44 4928 
     4803   0 9900 30 4919 
     4804   0 2299 37 4796 
     4805   0 0001 49 0010 
     4806   0 0000 30 4801 
     4807   0 0000 10 0129 
     4808   0 0000 19 0125 
     4809   0 0000 19 0125 
     4810   0 0000 10 0130 
     4811   0 3300 36 4794 
     4812   0 3300 36 4814 
     4813   0 0000 13 4997 
     4814   0 0000 40 0130 
     4815   0 0210 40 0131 
     4816   0 0001 48 0002 
     4817   0 0310 40 0129 
     4818   0 7242 36 4807 
     4819   0 7266 36 4848 
     4820   0 7257 36 4856 
     4821   0 7263 36 4858 
     4822   0 7243 36 4847 
     4823   0 0300 36 4796 
     4824   0 0000 10 0132 
     4825   0 0000 40 0134 
     4826   0 0009 33 4807 
     4827   0 0000 30 9999 
     4828   0 0000 42 4796 
     4829   0 6600 36 4844 
     4830   0 0001 49 0003 
     4831   0 0300 37 4838 
     4832   0 0000 13 4997 
     4833   0 3300 36 4840 
     4834   1 6301 27 9999 
     4835   1 0000 41 9999 
     4836   0 0411 40 4796 
     4837   0 0000 30 4796 
     4838   1 3310 40 9999 
     4839   0 0000 30 4832 
     4840   1 0000 10 9999 
     4841   0 0001 48 0003 
     4842   1 6610 40 9999 
     4843   0 0000 30 4796 
     4844   0 0000 10 0132 
     4845   0 0009 33 9999 
     4846   0 0000 30 4835 
     4847   0 1008 61 0124 
     4848   0 0001 48 0003 
     4849   0 3111 40 4850 
     4850   0 2408 44 4676 REED 
     4851   0 0101 30 4676 REED 
     4852   0 0000 42 4854 
     4853   0 0010 29 4996 
     4854   0 0240 29 0101 
     4855   0 0000 30 4810 
     4856   0 1008 61 0124 
     4857   0 0000 30 4852 
     4858   0 0300 36 4863 
     4859   0 0010 09 4862 
     4860   0 0001 12 4840 
     4861   0 0000 30 4858 
     4862   2 1602 02 0202 
     4863   0 0000 10 0125 
     4864   0 0000 36 4810 
     4865   0 0000 12 4933 
     4866   0 0001 48 0004 
     4867   0 3211 40 4868 
     4868   0 0990 09 0101 
     4869   0 0000 30 4852 
     4870   0 0000 42 4880 
     4871   0 0000 36 4929 
     4872   0 1100 36 4930 
     4873   0 0000 40 0134 
     4874   0 0003 45 0080 
     4875   0 0002 40 0128 
     4876   0 0000 46 0126 
     4877   0 0410 40 0126 
     4878   0 0001 40 0127 
     4879   0 0000 10 0134 
     4880   0 0002 48 0010 
     4881   0 0001 43 0023 
     4882   0 0000 12 0129 
     4883   0 0000 13 0128 
     4884   0 0001 33 4971 
     4885   0 0000 19 0125 
     4886   0 5000 19 0125 
     4887   0 0000 10 0134 
     4888   0 0000 41 4924 
     4889   0 0000 44 4928 
     4890   0 0001 33 4918 
     4891   0 0001 27 0128 
     4892   0 0000 32 4904 
     4893   0 0000 41 0127 
     4894   0 0000 37 4810 
     4895   0 0000 41 4881 
     4896   0 0000 44 4928 
     4897   0 0000 30 4918 
     4898   0 0000 10 0127 
     4899   0 0000 13 4886 
     4900   0 0000 42 4816 
     4901   0 0000 46 0129 
     4902   0 0003 26 0129 
     4903   0 0000 30 4873 
     4904   0 0001 27 0126 
     4905   0 0000 41 0126 
     4906   0 0000 37 4912 
     4907   0 0000 41 0133 
     4908   0 0000 37 4914 
     4909   0 0001 27 0133 
     4910   0 0000 41 4874 
     4911   0 0000 30 4918 
     4912   0 0000 41 4841 
     4913   0 0000 30 4918 
     4914   0 0000 10 0134 
     4915   0 0000 41 4933 
     4916   0 0001 49 0001 
     4917   0 0000 40 0134 
     4918   0 0001 49 0018 
     4919   0 0001 48 0008 
     4920   0 0001 42 0125 
     4921   1 0000 49 0008 
     4922   0 9400 28 0125 
     4923   0 0024 21 4928 
     4924   0 0000 43 0020 
     4925   1 0000 12 0125 
     4926   1 0010 40 0125 
     4927   0 0002 26 0125 
     4928   0 0000 30 9999 
     4929   0 0009 21 4874 
     4930   0 0000 49 0051 
     4931   0 0001 21 4872 
     4932   0 0002 45 7557 
     4933   0 0001 48 0008 
     4934   0 0410 18 4998 
     4935   0 0001 40 0134 
     4936   0 0001 34 4946 
     4937   0 0410 40 4944 
     4938   0 0449 27 4944 
     4939   0 0000 42 4944 
     4940   0 0000 10 0130 
     4941   0 0001 48 0004 
     4942   0 4211 40 4945 
     4943   0 0000 10 4944 
     4944   0 0002 45 9999 
     4945   0 0000 20 4875 
     4946   0 0000 43 7557 
     4947   0 0000 13 4998 
     4948   0 0210 40 0133 
     4949   0 0211 18 0130 
     4950   0 0000 35 4953 
     4951   0 0000 10 4998 
     4952   0 0000 30 4937 
     4953   0 0000 10 4930 
     4954   0 1110 40 0134 
     4955   0 0000 30 4937 
     4956   0 0304 27 0129 
     4957   0 0000 32 4960 
     4958   0 0000 30 4970 
     4959   0 0000 10 4999 
     4960   0 0000 36 4959 
     4961   0 0002 45 7557 
     4962   0 2210 40 4885 
     4963   0 0001 48 0008 
     4964   0 0001 40 0134 
     4965   0 0002 48 0010 
     4966   0 0000 12 0130 
     4967   0 0000 17 4930 
     4968   0 0310 18 0129 
     4969   0 0001 34 4979 
     4970   0 0004 26 0129 
     4971   0 0000 10 0129 
     4972   0 0000 19 0125 
     4973   0 0000 19 0125 
     4974   0 0002 27 0125 
     4975   0 0000 41 4986 
     4976   0 0000 44 4928 
     4977   0 0000 30 4918 
     4978   0 0000 30 4810 
     4979   0 0000 41 4885 
     4980   0 0000 10 4916 
     4981   0 0000 42 0131 
     4982   0 0001 20 4875 
     4983   0 0002 45 7557 
     4984   0 0001 48 0008 
     4985   0 0001 40 0134 
     4986   0 0000 43 0014 
     4987   0 0000 13 4998 
     4988   0 0002 45 7557 
     4989   0 0001 33 4994 
     4990   0 0210 18 0130 
     4991   0 0000 34 4971 
     4992   0 0000 12 4916 
     4993   0 0000 30 4981 
     4994   0 0010 40 0133 
     4995   0 0000 30 4980 
     4996   2 0000 00 0000 
     4997   0 0010 00 0000 
     4998   0 0000 00 0050 
     4999   0 5000 00 0000 
     4622   0 0000 44 4655 
     4623   0 0000 30 4651 
     4624   2 5945 62 6453 
     4625   2 6300 56 6463 
     4626   2 0056 46 0059 
     4627   2 4155 47 4500 
     4628   2 4955 00 0000 
     4629   0 0000 44 4655 
     4630   0 0000 30 4651 
     4631   2 5945 62 6453 
     4632   2 6300 64 5544 
     4633   2 4546 49 5545 
     4634   2 4400 46 5659 
     4635   2 0000 00 0000 
     4636   0 0000 44 4655 
     4637   0 0000 30 4651 
     4638   2 5945 62 6453 
     4639   2 6300 49 5353 
     4640   2 2044 45 4649 
     4641   2 5545 44 0046 
     4642   2 5659 00 0000 
     4643   0 0000 46 4664 
     4644   0 0000 44 4655 
     4645   0 0000 30 4653 
     4646   0 0000 00 0000 
     4647   2 0041 59 4963 
     4648   2 4854 45 6349 
     4649   2 4300 56 6545 
     4650   2 5946 53 5666 
     4651   0 0001 40 4664 
     4652   0 0003 45 0000 
     4653   0 0412 40 4658 
     4654   0 0000 42 4675 
     4655   0 0050 29 0033 
     4656   0 1106 44 4676 REED 
     4657   0 4659 30 4676 REED 
     4658   0 0000 30 0036 
     4659   0 0000 00 0000 
     4660   0 0000 00 0000 
     4661   0 0000 00 0000 
     4662   0 0000 00 0000 
     4663   0 0000 00 0000 
     4664   0 0000 00 0000 
     4665   0 0000 00 0000 
     4666   0 0000 00 0000 
     4667   0 0000 00 0000 
     4668   0 0000 00 0000 
     4669   0 0000 00 0000 
     4670   0 5000 00 0000 
     4671   0 0000 00 0000 
     4672   0 0000 00 0000 
     4673   0 5110 00 0000 
     4674   0 0000 00 0000 
     4675   0 0000 00 4659 
     4676   0 0000 01 0000 
     4677   0 0000 42 4676 
     4678   0 0412 40 4754 
     4679   0 0001 40 4759 
     4680   1 0000 41 9998 
     4681   0 3122 37 4691 
     4682   0 3133 37 4688 
     4683   0 3144 37 4690 
     4684   0 3155 37 4688 
     4685   0 3166 37 4690 
     4686   0 3177 37 4688 
     4687   0 0000 30 4691 
     4688   0 1010 06 4757 
     4689   0 0000 30 4692 
     4690   0 1010 06 4756 
     4691   0 1010 06 4756 
     4692   1 4400 28 9999 
     4693   0 4144 37 4696 
     4694   0 4166 37 4726 
     4695   0 0000 30 4727 
     4696   0 1010 06 4758 
     4697   1 0000 10 0000 
     4698   0 0010 40 4755 
     4699   0 1010 06 4755 
     4700   1 0000 10 0001 
     4701   0 0001 48 0008 
     4702   0 0000 49 0002 
     4703   0 0001 49 0004 
     4704   0 0000 49 0001 
     4705   0 0002 43 0000 
     4706   0 0002 49 0001 
     4707   0 0010 40 4755 
     4708   0 1010 06 4755 
     4709   1 1010 06 0002 
     4710   0 0000 10 4756 
     4711   0 0000 49 0002 
     4712   0 0000 40 4755 
     4713   1 0000 10 0003 
     4714   0 0210 40 4755 
     4715   0 1010 06 4755 
     4716   0 0000 10 4756 
     4717   0 0000 49 0002 
     4718   0 0000 40 4755 
     4719   1 0000 10 0004 
     4720   0 0410 40 4755 
     4721   0 6212 40 4755 
     4722   0 0000 33 4724 
     4723   0 5102 26 4755 
     4724   0 1010 06 4755 
     4725   0 0000 30 4743 
     4726   0 1010 06 4758 
     4727   0 0412 40 4742 
     4728   0 0412 40 4736 
     4729   0 0000 42 4676 
     4730   1 0000 10 9998 
     4731   0 0000 48 0001 
     4732   0 3210 40 4742 
     4733   0 0000 48 0001 
     4734   0 4410 40 4733 
     4735   0 4401 28 4733 
     4736   1 0000 10 0000 
     4737   0 0000 36 4739 
     4738   0 0000 30 4742 
     4739   0 3201 27 4742 
     4740   0 0001 21 4736 
     4741   0 0000 30 4743 
     4742   0 1000 06 0000 
     4743   0 0000 42 4676 
     4744   1 0000 41 9998 
     4745   0 3111 37 4750 
     4746   0 3122 37 4752 
     4747   0 3166 37 4752 
     4748   0 3199 37 4750 
     4749   0 0000 30 4753 
     4750   0 1010 06 4757 
     4751   0 0000 30 4753 
     4752   0 1010 06 4756 
     4753   0 0000 41 4759 
     4754   0 0000 30 0000 
     4755   2 0000 00 0000 
     4756   2 1602 02 0202 
     4757   2 1615 02 0202 
     4758   2 0000 00 0000 
     4759   0 0000 00 0000 
COMPILED PROGRAM ENDS AT 0211 
PROGRAM VARIABLES BEGIN AT 4622    





HELLO WORLD    
