0200                   BAC-220 STANDARD VERSION   2/1/62

0200      COMMENT SECOND EXAMPLE PROGRAM FROM BALGOL MANUAL, MARCH 1963.

0200      NOTE THAT THIS PROGRAM DOES NOT COMPUTE AREA CORRECTLY, AS IT

0200      COMPUTES -SUM- BASED ON THE NORTH/SOUTH DISPLACEMENTS BETWEEN POINTS,

0200      RATHER THAN THE NORTH/SOUTH COORDINATES OF THE POINTS. SEE THE

0200      CORRECTED SOURCE FOR THE EXAMPLE.

0200

0200      THE PROGRAM WHICH FOLLOWS IS ONE FOR SURVEY TRAVERSE CALCULATIONS$

0200

0200      COMMENT SURVEY TRAVERSE CALCULATIONS$

0200      TRACE ANGLE$

0200      DUMP EW, NS, CD$

0400      INTEGER I, J, K, SURVEY, D(), M(), S(), Q(), N$

0400      FUNCTION LENGTH(X,Y) = SQRT(X*2 + Y*2)$

0413      ARRAY D(200), M(200), S(200), Q(200), MD(200), NS(200),

0413            EW(200), CNS(201), CEW(201)$

0413

0413      START..

0415        READ($$ IDENT)$

0419        TMD = 0$ TNS = 0$ TEW = 0$

0422        FOR I= (1,1,N)$

0433          BEGIN

0434          READ ($$ STATION)$

0438          IF I NEQ K$

0438            STOP K$

0438

0444          Z = (60(60D(I) + M(I)) + S(I))/6.48**5$

0457          SWITCH Q(I), (QUAD1, QUAD2, QUAD3, QUAD4)$

0464          QUAD1.. Z = 0.5 - Z$ GO TO ANGLE$

0470          QUAD2.. Z = 1.5 + Z$ GO TO ANGLE$

0476          QUAD3.. Z = 0.5 + Z$ GO TO ANGLE$

0482          QUAD4.. Z = 1.5 - Z$

0487      ANGLE..

0487          ALPHA = 3.1415927Z$

0494          NS(I) = MD(I)SIN(ALPHA)$

0500          TNS = TNS + NS(I)$

0504          EW(I) = MD(I)COS(ALPHA)$

0510          TEW = TEW + EW(I)$

0514          TMD = TMD + MD(I)

0518          END$

0518

0519        ERROR = LENGTH(TNS, TEW)$

0526        WRITE ($$ TITLE, F1)$

0534        NSCF = -TNS/TMD$

0538        EWCF = -TEW/TMD$

0542        TCD = 0$ TCNS = 0$ TCEW = 0$

0545        FOR I = (1,1,N)$

0556          BEGIN

0556          CNS(I) = NS(I) + MD(I).NSCF$

0562          TCNS = TCNS + CNS(I)$

0566          CEW(I) = EW(I) + MD(I).EWCF$

0571          TCEW = TCEW + CEW(I)$

0575          CD = LENGTH(CNS(I), CEW(I))$

0584          TCD = TCD + CD$

0587          WRITE ($$ ANSWERS, F2)

0591          END$

0591

0596        CNS(N+1) = CNS(1)$

0599        CEW(N+1) = CEW(1)$

0602        SUM = 0$

0603        FOR I=(1,1,N)$

0614          SUM = SUM + (CNS(I+1) - CNS(I)) (CEW(I+1) + CEW(I))$

0614

0625        SQFT = ABS(SUM)/2$

0629        ACRES = SQFT/43560$

0633        WRITE ($$ TOTALS, F3)$

0641        GO TO START$

0641

0642      INPUT

0647        IDENT (SURVEY, N),

0652        STATION (K, D(I), M(K), S(I), Q(I), MD(I))$

0679      OUTPUT

0684        TITLE (SURVEY, N, ERROR),

0692        ANSWERS (I, D(I), M(I), S(I), Q(I), MD(I), CD, CNS(I), CEW(I)),

0730        TOTALS (TMD, TCD, TCNS, TCEW, SQFT, ACRES)$

0752      FORMAT

0752        F1 (*SURVEY*, I8, B5, *NUMBER OF LEGS*, I5, B5, *CLOSURE ERROR*,

0752            X9.2, W1,

0752            *LEG*, B5, *ANGLE*, B7, *MEASURED*, B5, *CORRECTED*, B3,

0752            *NORTH-SOUTH    EAST-WEST*, W6,

0752            *NO.   DD MM SS Q     DISTANCE      DISTANCE  DISPLACEMENT *,

0752            *DISPLACEMENT*,2W),

0752        F2 (I3, I5, 2I3, I2, 4X13.2, W),

0752        F3 (B6, *TOTALS*, B4, 4X13.2, W4, *AREA OF TRAVERSE*, X13.2,

0752            * SQUARE FEET*, X13.2, * ACRES*, W6)$

0827      FINISH$
COMPILED PROGRAM ENDS AT 0828
PROGRAM VARIABLES BEGIN AT 2512

 
 
        LAST LABEL PASSED WAS      QUAD2(0001)

        VARIABLE IN PROGRAM                    VALUE



          CD                                .00000000, 00

       ARRAY   EW



         .00000000, 00  .00000000, 00  .00000000, 00  .00000000, 00  .00000000, 00  .00000000, 00  .00000000, 00
         .00000000, 00  .00000000, 00  .00000000, 00  .00000000, 00  .00000000, 00  .00000000, 00  .00000000, 00
         .00000000, 00  .00000000, 00  .00000000, 00  .00000000, 00  .00000000, 00  .00000000, 00  .00000000, 00
         .00000000, 00  .00000000, 00  .00000000, 00  .00000000, 00  .00000000, 00  .00000000, 00  .00000000, 00
         .00000000, 00  .00000000, 00  .00000000, 00  .00000000, 00  .00000000, 00  .00000000, 00  .00000000, 00
         .00000000, 00  .00000000, 00  .00000000, 00  .00000000, 00  .00000000, 00  .00000000, 00  .00000000, 00
         .00000000, 00  .00000000, 00  .00000000, 00  .00000000, 00  .00000000, 00  .00000000, 00  .00000000, 00
         .00000000, 00  .00000000, 00  .00000000, 00  .00000000, 00  .00000000, 00  .00000000, 00  .00000000, 00
         .00000000, 00  .00000000, 00  .00000000, 00  .00000000, 00  .00000000, 00  .00000000, 00  .00000000, 00
         .00000000, 00  .00000000, 00  .00000000, 00  .00000000, 00  .00000000, 00  .00000000, 00  .00000000, 00
         .00000000, 00  .00000000, 00  .00000000, 00  .00000000, 00  .00000000, 00  .00000000, 00  .00000000, 00
         .00000000, 00  .00000000, 00  .00000000, 00  .00000000, 00  .00000000, 00  .00000000, 00  .00000000, 00
         .00000000, 00  .00000000, 00  .00000000, 00  .00000000, 00  .00000000, 00  .00000000, 00  .00000000, 00
         .00000000, 00  .00000000, 00  .00000000, 00  .00000000, 00  .00000000, 00  .00000000, 00  .00000000, 00
         .00000000, 00  .00000000, 00  .00000000, 00  .00000000, 00  .00000000, 00  .00000000, 00  .00000000, 00
         .00000000, 00  .00000000, 00  .00000000, 00  .00000000, 00  .00000000, 00  .00000000, 00  .00000000, 00
         .00000000, 00  .00000000, 00  .00000000, 00  .00000000, 00  .00000000, 00  .00000000, 00  .00000000, 00
         .00000000, 00  .00000000, 00  .00000000, 00  .00000000, 00  .00000000, 00  .00000000, 00  .00000000, 00
         .00000000, 00  .00000000, 00  .00000000, 00  .00000000, 00  .00000000, 00  .00000000, 00  .00000000, 00
         .00000000, 00  .00000000, 00  .00000000, 00  .00000000, 00  .00000000, 00  .00000000, 00  .00000000, 00
         .00000000, 00  .00000000, 00  .00000000, 00  .00000000, 00  .00000000, 00  .00000000, 00  .00000000, 00
         .00000000, 00  .00000000, 00  .00000000, 00  .00000000, 00  .00000000, 00  .00000000, 00  .00000000, 00
         .00000000, 00  .00000000, 00  .00000000, 00  .00000000, 00  .00000000, 00  .00000000, 00  .00000000, 00
         .00000000, 00  .00000000, 00  .00000000, 00  .00000000, 00  .00000000, 00  .00000000, 00  .00000000, 00
         .00000000, 00  .00000000, 00  .00000000, 00  .00000000, 00  .00000000, 00  .00000000, 00  .00000000, 00
         .00000000, 00  .00000000, 00  .00000000, 00  .00000000, 00  .00000000, 00  .00000000, 00  .00000000, 00
         .00000000, 00  .00000000, 00  .00000000, 00  .00000000, 00  .00000000, 00  .00000000, 00  .00000000, 00
         .00000000, 00  .00000000, 00  .00000000, 00  .00000000, 00  .00000000, 00  .00000000, 00  .00000000, 00
         .00000000, 00  .00000000, 00  .00000000, 00  .00000000, 00


       ARRAY   NS



         .00000000, 00  .00000000, 00  .00000000, 00  .00000000, 00  .00000000, 00  .00000000, 00  .00000000, 00
         .00000000, 00  .00000000, 00  .00000000, 00  .00000000, 00  .00000000, 00  .00000000, 00  .00000000, 00
         .00000000, 00  .00000000, 00  .00000000, 00  .00000000, 00  .00000000, 00  .00000000, 00  .00000000, 00
         .00000000, 00  .00000000, 00  .00000000, 00  .00000000, 00  .00000000, 00  .00000000, 00  .00000000, 00
         .00000000, 00  .00000000, 00  .00000000, 00  .00000000, 00  .00000000, 00  .00000000, 00  .00000000, 00
         .00000000, 00  .00000000, 00  .00000000, 00  .00000000, 00  .00000000, 00  .00000000, 00  .00000000, 00
         .00000000, 00  .00000000, 00  .00000000, 00  .00000000, 00  .00000000, 00  .00000000, 00  .00000000, 00
         .00000000, 00  .00000000, 00  .00000000, 00  .00000000, 00  .00000000, 00  .00000000, 00  .00000000, 00
         .00000000, 00  .00000000, 00  .00000000, 00  .00000000, 00  .00000000, 00  .00000000, 00  .00000000, 00
         .00000000, 00  .00000000, 00  .00000000, 00  .00000000, 00  .00000000, 00  .00000000, 00  .00000000, 00
         .00000000, 00  .00000000, 00  .00000000, 00  .00000000, 00  .00000000, 00  .00000000, 00  .00000000, 00
         .00000000, 00  .00000000, 00  .00000000, 00  .00000000, 00  .00000000, 00  .00000000, 00  .00000000, 00
         .00000000, 00  .00000000, 00  .00000000, 00  .00000000, 00  .00000000, 00  .00000000, 00  .00000000, 00
         .00000000, 00  .00000000, 00  .00000000, 00  .00000000, 00  .00000000, 00  .00000000, 00  .00000000, 00
         .00000000, 00  .00000000, 00  .00000000, 00  .00000000, 00  .00000000, 00  .00000000, 00  .00000000, 00
         .00000000, 00  .00000000, 00  .00000000, 00  .00000000, 00  .00000000, 00  .00000000, 00  .00000000, 00
         .00000000, 00  .00000000, 00  .00000000, 00  .00000000, 00  .00000000, 00  .00000000, 00  .00000000, 00
         .00000000, 00  .00000000, 00  .00000000, 00  .00000000, 00  .00000000, 00  .00000000, 00  .00000000, 00
         .00000000, 00  .00000000, 00  .00000000, 00  .00000000, 00  .00000000, 00  .00000000, 00  .00000000, 00
         .00000000, 00  .00000000, 00  .00000000, 00  .00000000, 00  .00000000, 00  .00000000, 00  .00000000, 00
         .00000000, 00  .00000000, 00  .00000000, 00  .00000000, 00  .00000000, 00  .00000000, 00  .00000000, 00
         .00000000, 00  .00000000, 00  .00000000, 00  .00000000, 00  .00000000, 00  .00000000, 00  .00000000, 00
         .00000000, 00  .00000000, 00  .00000000, 00  .00000000, 00  .00000000, 00  .00000000, 00  .00000000, 00
         .00000000, 00  .00000000, 00  .00000000, 00  .00000000, 00  .00000000, 00  .00000000, 00  .00000000, 00
         .00000000, 00  .00000000, 00  .00000000, 00  .00000000, 00  .00000000, 00  .00000000, 00  .00000000, 00
         .00000000, 00  .00000000, 00  .00000000, 00  .00000000, 00  .00000000, 00  .00000000, 00  .00000000, 00
         .00000000, 00  .00000000, 00  .00000000, 00  .00000000, 00  .00000000, 00  .00000000, 00  .00000000, 00
         .00000000, 00  .00000000, 00  .00000000, 00  .00000000, 00  .00000000, 00  .00000000, 00  .00000000, 00
         .00000000, 00  .00000000, 00  .00000000, 00  .00000000, 00


        LAST LABEL PASSED WAS      QUAD4(0001)

        VARIABLE IN PROGRAM                    VALUE



          CD                                .00000000, 00

       ARRAY   EW



         .70741500, 03  .00000000, 00  .00000000, 00  .00000000, 00  .00000000, 00  .00000000, 00  .00000000, 00
         .00000000, 00  .00000000, 00  .00000000, 00  .00000000, 00  .00000000, 00  .00000000, 00  .00000000, 00
         .00000000, 00  .00000000, 00  .00000000, 00  .00000000, 00  .00000000, 00  .00000000, 00  .00000000, 00
         .00000000, 00  .00000000, 00  .00000000, 00  .00000000, 00  .00000000, 00  .00000000, 00  .00000000, 00
         .00000000, 00  .00000000, 00  .00000000, 00  .00000000, 00  .00000000, 00  .00000000, 00  .00000000, 00
         .00000000, 00  .00000000, 00  .00000000, 00  .00000000, 00  .00000000, 00  .00000000, 00  .00000000, 00
         .00000000, 00  .00000000, 00  .00000000, 00  .00000000, 00  .00000000, 00  .00000000, 00  .00000000, 00
         .00000000, 00  .00000000, 00  .00000000, 00  .00000000, 00  .00000000, 00  .00000000, 00  .00000000, 00
         .00000000, 00  .00000000, 00  .00000000, 00  .00000000, 00  .00000000, 00  .00000000, 00  .00000000, 00
         .00000000, 00  .00000000, 00  .00000000, 00  .00000000, 00  .00000000, 00  .00000000, 00  .00000000, 00
         .00000000, 00  .00000000, 00  .00000000, 00  .00000000, 00  .00000000, 00  .00000000, 00  .00000000, 00
         .00000000, 00  .00000000, 00  .00000000, 00  .00000000, 00  .00000000, 00  .00000000, 00  .00000000, 00
         .00000000, 00  .00000000, 00  .00000000, 00  .00000000, 00  .00000000, 00  .00000000, 00  .00000000, 00
         .00000000, 00  .00000000, 00  .00000000, 00  .00000000, 00  .00000000, 00  .00000000, 00  .00000000, 00
         .00000000, 00  .00000000, 00  .00000000, 00  .00000000, 00  .00000000, 00  .00000000, 00  .00000000, 00
         .00000000, 00  .00000000, 00  .00000000, 00  .00000000, 00  .00000000, 00  .00000000, 00  .00000000, 00
         .00000000, 00  .00000000, 00  .00000000, 00  .00000000, 00  .00000000, 00  .00000000, 00  .00000000, 00
         .00000000, 00  .00000000, 00  .00000000, 00  .00000000, 00  .00000000, 00  .00000000, 00  .00000000, 00
         .00000000, 00  .00000000, 00  .00000000, 00  .00000000, 00  .00000000, 00  .00000000, 00  .00000000, 00
         .00000000, 00  .00000000, 00  .00000000, 00  .00000000, 00  .00000000, 00  .00000000, 00  .00000000, 00
         .00000000, 00  .00000000, 00  .00000000, 00  .00000000, 00  .00000000, 00  .00000000, 00  .00000000, 00
         .00000000, 00  .00000000, 00  .00000000, 00  .00000000, 00  .00000000, 00  .00000000, 00  .00000000, 00
         .00000000, 00  .00000000, 00  .00000000, 00  .00000000, 00  .00000000, 00  .00000000, 00  .00000000, 00
         .00000000, 00  .00000000, 00  .00000000, 00  .00000000, 00  .00000000, 00  .00000000, 00  .00000000, 00
         .00000000, 00  .00000000, 00  .00000000, 00  .00000000, 00  .00000000, 00  .00000000, 00  .00000000, 00
         .00000000, 00  .00000000, 00  .00000000, 00  .00000000, 00  .00000000, 00  .00000000, 00  .00000000, 00
         .00000000, 00  .00000000, 00  .00000000, 00  .00000000, 00  .00000000, 00  .00000000, 00  .00000000, 00
         .00000000, 00  .00000000, 00  .00000000, 00  .00000000, 00  .00000000, 00  .00000000, 00  .00000000, 00
         .00000000, 00  .00000000, 00  .00000000, 00  .00000000, 00


       ARRAY   NS



        -.70679838, 03  .00000000, 00  .00000000, 00  .00000000, 00  .00000000, 00  .00000000, 00  .00000000, 00
         .00000000, 00  .00000000, 00  .00000000, 00  .00000000, 00  .00000000, 00  .00000000, 00  .00000000, 00
         .00000000, 00  .00000000, 00  .00000000, 00  .00000000, 00  .00000000, 00  .00000000, 00  .00000000, 00
         .00000000, 00  .00000000, 00  .00000000, 00  .00000000, 00  .00000000, 00  .00000000, 00  .00000000, 00
         .00000000, 00  .00000000, 00  .00000000, 00  .00000000, 00  .00000000, 00  .00000000, 00  .00000000, 00
         .00000000, 00  .00000000, 00  .00000000, 00  .00000000, 00  .00000000, 00  .00000000, 00  .00000000, 00
         .00000000, 00  .00000000, 00  .00000000, 00  .00000000, 00  .00000000, 00  .00000000, 00  .00000000, 00
         .00000000, 00  .00000000, 00  .00000000, 00  .00000000, 00  .00000000, 00  .00000000, 00  .00000000, 00
         .00000000, 00  .00000000, 00  .00000000, 00  .00000000, 00  .00000000, 00  .00000000, 00  .00000000, 00
         .00000000, 00  .00000000, 00  .00000000, 00  .00000000, 00  .00000000, 00  .00000000, 00  .00000000, 00
         .00000000, 00  .00000000, 00  .00000000, 00  .00000000, 00  .00000000, 00  .00000000, 00  .00000000, 00
         .00000000, 00  .00000000, 00  .00000000, 00  .00000000, 00  .00000000, 00  .00000000, 00  .00000000, 00
         .00000000, 00  .00000000, 00  .00000000, 00  .00000000, 00  .00000000, 00  .00000000, 00  .00000000, 00
         .00000000, 00  .00000000, 00  .00000000, 00  .00000000, 00  .00000000, 00  .00000000, 00  .00000000, 00
         .00000000, 00  .00000000, 00  .00000000, 00  .00000000, 00  .00000000, 00  .00000000, 00  .00000000, 00
         .00000000, 00  .00000000, 00  .00000000, 00  .00000000, 00  .00000000, 00  .00000000, 00  .00000000, 00
         .00000000, 00  .00000000, 00  .00000000, 00  .00000000, 00  .00000000, 00  .00000000, 00  .00000000, 00
         .00000000, 00  .00000000, 00  .00000000, 00  .00000000, 00  .00000000, 00  .00000000, 00  .00000000, 00
         .00000000, 00  .00000000, 00  .00000000, 00  .00000000, 00  .00000000, 00  .00000000, 00  .00000000, 00
         .00000000, 00  .00000000, 00  .00000000, 00  .00000000, 00  .00000000, 00  .00000000, 00  .00000000, 00
         .00000000, 00  .00000000, 00  .00000000, 00  .00000000, 00  .00000000, 00  .00000000, 00  .00000000, 00
         .00000000, 00  .00000000, 00  .00000000, 00  .00000000, 00  .00000000, 00  .00000000, 00  .00000000, 00
         .00000000, 00  .00000000, 00  .00000000, 00  .00000000, 00  .00000000, 00  .00000000, 00  .00000000, 00
         .00000000, 00  .00000000, 00  .00000000, 00  .00000000, 00  .00000000, 00  .00000000, 00  .00000000, 00
         .00000000, 00  .00000000, 00  .00000000, 00  .00000000, 00  .00000000, 00  .00000000, 00  .00000000, 00
         .00000000, 00  .00000000, 00  .00000000, 00  .00000000, 00  .00000000, 00  .00000000, 00  .00000000, 00
         .00000000, 00  .00000000, 00  .00000000, 00  .00000000, 00  .00000000, 00  .00000000, 00  .00000000, 00
         .00000000, 00  .00000000, 00  .00000000, 00  .00000000, 00  .00000000, 00  .00000000, 00  .00000000, 00
         .00000000, 00  .00000000, 00  .00000000, 00  .00000000, 00


        LAST LABEL PASSED WAS      QUAD3(0001)

        VARIABLE IN PROGRAM                    VALUE



          CD                                .00000000, 00

       ARRAY   EW



         .70741500, 03 -.14467482, 04  .00000000, 00  .00000000, 00  .00000000, 00  .00000000, 00  .00000000, 00
         .00000000, 00  .00000000, 00  .00000000, 00  .00000000, 00  .00000000, 00  .00000000, 00  .00000000, 00
         .00000000, 00  .00000000, 00  .00000000, 00  .00000000, 00  .00000000, 00  .00000000, 00  .00000000, 00
         .00000000, 00  .00000000, 00  .00000000, 00  .00000000, 00  .00000000, 00  .00000000, 00  .00000000, 00
         .00000000, 00  .00000000, 00  .00000000, 00  .00000000, 00  .00000000, 00  .00000000, 00  .00000000, 00
         .00000000, 00  .00000000, 00  .00000000, 00  .00000000, 00  .00000000, 00  .00000000, 00  .00000000, 00
         .00000000, 00  .00000000, 00  .00000000, 00  .00000000, 00  .00000000, 00  .00000000, 00  .00000000, 00
         .00000000, 00  .00000000, 00  .00000000, 00  .00000000, 00  .00000000, 00  .00000000, 00  .00000000, 00
         .00000000, 00  .00000000, 00  .00000000, 00  .00000000, 00  .00000000, 00  .00000000, 00  .00000000, 00
         .00000000, 00  .00000000, 00  .00000000, 00  .00000000, 00  .00000000, 00  .00000000, 00  .00000000, 00
         .00000000, 00  .00000000, 00  .00000000, 00  .00000000, 00  .00000000, 00  .00000000, 00  .00000000, 00
         .00000000, 00  .00000000, 00  .00000000, 00  .00000000, 00  .00000000, 00  .00000000, 00  .00000000, 00
         .00000000, 00  .00000000, 00  .00000000, 00  .00000000, 00  .00000000, 00  .00000000, 00  .00000000, 00
         .00000000, 00  .00000000, 00  .00000000, 00  .00000000, 00  .00000000, 00  .00000000, 00  .00000000, 00
         .00000000, 00  .00000000, 00  .00000000, 00  .00000000, 00  .00000000, 00  .00000000, 00  .00000000, 00
         .00000000, 00  .00000000, 00  .00000000, 00  .00000000, 00  .00000000, 00  .00000000, 00  .00000000, 00
         .00000000, 00  .00000000, 00  .00000000, 00  .00000000, 00  .00000000, 00  .00000000, 00  .00000000, 00
         .00000000, 00  .00000000, 00  .00000000, 00  .00000000, 00  .00000000, 00  .00000000, 00  .00000000, 00
         .00000000, 00  .00000000, 00  .00000000, 00  .00000000, 00  .00000000, 00  .00000000, 00  .00000000, 00
         .00000000, 00  .00000000, 00  .00000000, 00  .00000000, 00  .00000000, 00  .00000000, 00  .00000000, 00
         .00000000, 00  .00000000, 00  .00000000, 00  .00000000, 00  .00000000, 00  .00000000, 00  .00000000, 00
         .00000000, 00  .00000000, 00  .00000000, 00  .00000000, 00  .00000000, 00  .00000000, 00  .00000000, 00
         .00000000, 00  .00000000, 00  .00000000, 00  .00000000, 00  .00000000, 00  .00000000, 00  .00000000, 00
         .00000000, 00  .00000000, 00  .00000000, 00  .00000000, 00  .00000000, 00  .00000000, 00  .00000000, 00
         .00000000, 00  .00000000, 00  .00000000, 00  .00000000, 00  .00000000, 00  .00000000, 00  .00000000, 00
         .00000000, 00  .00000000, 00  .00000000, 00  .00000000, 00  .00000000, 00  .00000000, 00  .00000000, 00
         .00000000, 00  .00000000, 00  .00000000, 00  .00000000, 00  .00000000, 00  .00000000, 00  .00000000, 00
         .00000000, 00  .00000000, 00  .00000000, 00  .00000000, 00  .00000000, 00  .00000000, 00  .00000000, 00
         .00000000, 00  .00000000, 00  .00000000, 00  .00000000, 00


       ARRAY   NS



        -.70679838, 03 -.13862517, 04  .00000000, 00  .00000000, 00  .00000000, 00  .00000000, 00  .00000000, 00
         .00000000, 00  .00000000, 00  .00000000, 00  .00000000, 00  .00000000, 00  .00000000, 00  .00000000, 00
         .00000000, 00  .00000000, 00  .00000000, 00  .00000000, 00  .00000000, 00  .00000000, 00  .00000000, 00
         .00000000, 00  .00000000, 00  .00000000, 00  .00000000, 00  .00000000, 00  .00000000, 00  .00000000, 00
         .00000000, 00  .00000000, 00  .00000000, 00  .00000000, 00  .00000000, 00  .00000000, 00  .00000000, 00
         .00000000, 00  .00000000, 00  .00000000, 00  .00000000, 00  .00000000, 00  .00000000, 00  .00000000, 00
         .00000000, 00  .00000000, 00  .00000000, 00  .00000000, 00  .00000000, 00  .00000000, 00  .00000000, 00
         .00000000, 00  .00000000, 00  .00000000, 00  .00000000, 00  .00000000, 00  .00000000, 00  .00000000, 00
         .00000000, 00  .00000000, 00  .00000000, 00  .00000000, 00  .00000000, 00  .00000000, 00  .00000000, 00
         .00000000, 00  .00000000, 00  .00000000, 00  .00000000, 00  .00000000, 00  .00000000, 00  .00000000, 00
         .00000000, 00  .00000000, 00  .00000000, 00  .00000000, 00  .00000000, 00  .00000000, 00  .00000000, 00
         .00000000, 00  .00000000, 00  .00000000, 00  .00000000, 00  .00000000, 00  .00000000, 00  .00000000, 00
         .00000000, 00  .00000000, 00  .00000000, 00  .00000000, 00  .00000000, 00  .00000000, 00  .00000000, 00
         .00000000, 00  .00000000, 00  .00000000, 00  .00000000, 00  .00000000, 00  .00000000, 00  .00000000, 00
         .00000000, 00  .00000000, 00  .00000000, 00  .00000000, 00  .00000000, 00  .00000000, 00  .00000000, 00
         .00000000, 00  .00000000, 00  .00000000, 00  .00000000, 00  .00000000, 00  .00000000, 00  .00000000, 00
         .00000000, 00  .00000000, 00  .00000000, 00  .00000000, 00  .00000000, 00  .00000000, 00  .00000000, 00
         .00000000, 00  .00000000, 00  .00000000, 00  .00000000, 00  .00000000, 00  .00000000, 00  .00000000, 00
         .00000000, 00  .00000000, 00  .00000000, 00  .00000000, 00  .00000000, 00  .00000000, 00  .00000000, 00
         .00000000, 00  .00000000, 00  .00000000, 00  .00000000, 00  .00000000, 00  .00000000, 00  .00000000, 00
         .00000000, 00  .00000000, 00  .00000000, 00  .00000000, 00  .00000000, 00  .00000000, 00  .00000000, 00
         .00000000, 00  .00000000, 00  .00000000, 00  .00000000, 00  .00000000, 00  .00000000, 00  .00000000, 00
         .00000000, 00  .00000000, 00  .00000000, 00  .00000000, 00  .00000000, 00  .00000000, 00  .00000000, 00
         .00000000, 00  .00000000, 00  .00000000, 00  .00000000, 00  .00000000, 00  .00000000, 00  .00000000, 00
         .00000000, 00  .00000000, 00  .00000000, 00  .00000000, 00  .00000000, 00  .00000000, 00  .00000000, 00
         .00000000, 00  .00000000, 00  .00000000, 00  .00000000, 00  .00000000, 00  .00000000, 00  .00000000, 00
         .00000000, 00  .00000000, 00  .00000000, 00  .00000000, 00  .00000000, 00  .00000000, 00  .00000000, 00
         .00000000, 00  .00000000, 00  .00000000, 00  .00000000, 00  .00000000, 00  .00000000, 00  .00000000, 00
         .00000000, 00  .00000000, 00  .00000000, 00  .00000000, 00


        LAST LABEL PASSED WAS      QUAD1(0001)

        VARIABLE IN PROGRAM                    VALUE



          CD                                .00000000, 00

       ARRAY   EW



         .70741500, 03 -.14467482, 04 -.68132297, 03  .00000000, 00  .00000000, 00  .00000000, 00  .00000000, 00
         .00000000, 00  .00000000, 00  .00000000, 00  .00000000, 00  .00000000, 00  .00000000, 00  .00000000, 00
         .00000000, 00  .00000000, 00  .00000000, 00  .00000000, 00  .00000000, 00  .00000000, 00  .00000000, 00
         .00000000, 00  .00000000, 00  .00000000, 00  .00000000, 00  .00000000, 00  .00000000, 00  .00000000, 00
         .00000000, 00  .00000000, 00  .00000000, 00  .00000000, 00  .00000000, 00  .00000000, 00  .00000000, 00
         .00000000, 00  .00000000, 00  .00000000, 00  .00000000, 00  .00000000, 00  .00000000, 00  .00000000, 00
         .00000000, 00  .00000000, 00  .00000000, 00  .00000000, 00  .00000000, 00  .00000000, 00  .00000000, 00
         .00000000, 00  .00000000, 00  .00000000, 00  .00000000, 00  .00000000, 00  .00000000, 00  .00000000, 00
         .00000000, 00  .00000000, 00  .00000000, 00  .00000000, 00  .00000000, 00  .00000000, 00  .00000000, 00
         .00000000, 00  .00000000, 00  .00000000, 00  .00000000, 00  .00000000, 00  .00000000, 00  .00000000, 00
         .00000000, 00  .00000000, 00  .00000000, 00  .00000000, 00  .00000000, 00  .00000000, 00  .00000000, 00
         .00000000, 00  .00000000, 00  .00000000, 00  .00000000, 00  .00000000, 00  .00000000, 00  .00000000, 00
         .00000000, 00  .00000000, 00  .00000000, 00  .00000000, 00  .00000000, 00  .00000000, 00  .00000000, 00
         .00000000, 00  .00000000, 00  .00000000, 00  .00000000, 00  .00000000, 00  .00000000, 00  .00000000, 00
         .00000000, 00  .00000000, 00  .00000000, 00  .00000000, 00  .00000000, 00  .00000000, 00  .00000000, 00
         .00000000, 00  .00000000, 00  .00000000, 00  .00000000, 00  .00000000, 00  .00000000, 00  .00000000, 00
         .00000000, 00  .00000000, 00  .00000000, 00  .00000000, 00  .00000000, 00  .00000000, 00  .00000000, 00
         .00000000, 00  .00000000, 00  .00000000, 00  .00000000, 00  .00000000, 00  .00000000, 00  .00000000, 00
         .00000000, 00  .00000000, 00  .00000000, 00  .00000000, 00  .00000000, 00  .00000000, 00  .00000000, 00
         .00000000, 00  .00000000, 00  .00000000, 00  .00000000, 00  .00000000, 00  .00000000, 00  .00000000, 00
         .00000000, 00  .00000000, 00  .00000000, 00  .00000000, 00  .00000000, 00  .00000000, 00  .00000000, 00
         .00000000, 00  .00000000, 00  .00000000, 00  .00000000, 00  .00000000, 00  .00000000, 00  .00000000, 00
         .00000000, 00  .00000000, 00  .00000000, 00  .00000000, 00  .00000000, 00  .00000000, 00  .00000000, 00
         .00000000, 00  .00000000, 00  .00000000, 00  .00000000, 00  .00000000, 00  .00000000, 00  .00000000, 00
         .00000000, 00  .00000000, 00  .00000000, 00  .00000000, 00  .00000000, 00  .00000000, 00  .00000000, 00
         .00000000, 00  .00000000, 00  .00000000, 00  .00000000, 00  .00000000, 00  .00000000, 00  .00000000, 00
         .00000000, 00  .00000000, 00  .00000000, 00  .00000000, 00  .00000000, 00  .00000000, 00  .00000000, 00
         .00000000, 00  .00000000, 00  .00000000, 00  .00000000, 00  .00000000, 00  .00000000, 00  .00000000, 00
         .00000000, 00  .00000000, 00  .00000000, 00  .00000000, 00


       ARRAY   NS



        -.70679838, 03 -.13862517, 04  .72552136, 03  .00000000, 00  .00000000, 00  .00000000, 00  .00000000, 00
         .00000000, 00  .00000000, 00  .00000000, 00  .00000000, 00  .00000000, 00  .00000000, 00  .00000000, 00
         .00000000, 00  .00000000, 00  .00000000, 00  .00000000, 00  .00000000, 00  .00000000, 00  .00000000, 00
         .00000000, 00  .00000000, 00  .00000000, 00  .00000000, 00  .00000000, 00  .00000000, 00  .00000000, 00
         .00000000, 00  .00000000, 00  .00000000, 00  .00000000, 00  .00000000, 00  .00000000, 00  .00000000, 00
         .00000000, 00  .00000000, 00  .00000000, 00  .00000000, 00  .00000000, 00  .00000000, 00  .00000000, 00
         .00000000, 00  .00000000, 00  .00000000, 00  .00000000, 00  .00000000, 00  .00000000, 00  .00000000, 00
         .00000000, 00  .00000000, 00  .00000000, 00  .00000000, 00  .00000000, 00  .00000000, 00  .00000000, 00
         .00000000, 00  .00000000, 00  .00000000, 00  .00000000, 00  .00000000, 00  .00000000, 00  .00000000, 00
         .00000000, 00  .00000000, 00  .00000000, 00  .00000000, 00  .00000000, 00  .00000000, 00  .00000000, 00
         .00000000, 00  .00000000, 00  .00000000, 00  .00000000, 00  .00000000, 00  .00000000, 00  .00000000, 00
         .00000000, 00  .00000000, 00  .00000000, 00  .00000000, 00  .00000000, 00  .00000000, 00  .00000000, 00
         .00000000, 00  .00000000, 00  .00000000, 00  .00000000, 00  .00000000, 00  .00000000, 00  .00000000, 00
         .00000000, 00  .00000000, 00  .00000000, 00  .00000000, 00  .00000000, 00  .00000000, 00  .00000000, 00
         .00000000, 00  .00000000, 00  .00000000, 00  .00000000, 00  .00000000, 00  .00000000, 00  .00000000, 00
         .00000000, 00  .00000000, 00  .00000000, 00  .00000000, 00  .00000000, 00  .00000000, 00  .00000000, 00
         .00000000, 00  .00000000, 00  .00000000, 00  .00000000, 00  .00000000, 00  .00000000, 00  .00000000, 00
         .00000000, 00  .00000000, 00  .00000000, 00  .00000000, 00  .00000000, 00  .00000000, 00  .00000000, 00
         .00000000, 00  .00000000, 00  .00000000, 00  .00000000, 00  .00000000, 00  .00000000, 00  .00000000, 00
         .00000000, 00  .00000000, 00  .00000000, 00  .00000000, 00  .00000000, 00  .00000000, 00  .00000000, 00
         .00000000, 00  .00000000, 00  .00000000, 00  .00000000, 00  .00000000, 00  .00000000, 00  .00000000, 00
         .00000000, 00  .00000000, 00  .00000000, 00  .00000000, 00  .00000000, 00  .00000000, 00  .00000000, 00
         .00000000, 00  .00000000, 00  .00000000, 00  .00000000, 00  .00000000, 00  .00000000, 00  .00000000, 00
         .00000000, 00  .00000000, 00  .00000000, 00  .00000000, 00  .00000000, 00  .00000000, 00  .00000000, 00
         .00000000, 00  .00000000, 00  .00000000, 00  .00000000, 00  .00000000, 00  .00000000, 00  .00000000, 00
         .00000000, 00  .00000000, 00  .00000000, 00  .00000000, 00  .00000000, 00  .00000000, 00  .00000000, 00
         .00000000, 00  .00000000, 00  .00000000, 00  .00000000, 00  .00000000, 00  .00000000, 00  .00000000, 00
         .00000000, 00  .00000000, 00  .00000000, 00  .00000000, 00  .00000000, 00  .00000000, 00  .00000000, 00
         .00000000, 00  .00000000, 00  .00000000, 00  .00000000, 00


SURVEY  123456     NUMBER OF LEGS    4     CLOSURE ERROR    37.74
 
 
 
 
 
 
LEG     ANGLE       MEASURED     CORRECTED   NORTH-SOUTH    EAST-WEST
 
NO.   DD MM SS Q     DISTANCE      DISTANCE  DISPLACEMENT DISPLACEMENT
 
  1   45  1 30 2      1000.00      1003.81      -713.03       706.56
  2   46 13 24 4      2003.69      2013.57     -1398.73     -1448.44
  3   43 12  2 3       995.28       991.34       719.31      -682.16
  4   45 25 17 1      2001.64      1991.69      1392.45      1424.04
 
      TOTALS          6000.61      6000.42          .00          .00
 
AREA OF TRAVERSE   3995317.40 SQUARE FEET        91.71 ACRES
 
 
 
 
 
        LAST LABEL PASSED WAS      QUAD2(0002)

        VARIABLE IN PROGRAM                    VALUE



          CD                                .19916902, 04
 
       ARRAY   EW
 
 
 
         .70741500, 03 -.14467482, 04 -.68132297, 03  .14257445, 04  .00000000, 00  .00000000, 00  .00000000, 00
         .00000000, 00  .00000000, 00  .00000000, 00  .00000000, 00  .00000000, 00  .00000000, 00  .00000000, 00
         .00000000, 00  .00000000, 00  .00000000, 00  .00000000, 00  .00000000, 00  .00000000, 00  .00000000, 00
         .00000000, 00  .00000000, 00  .00000000, 00  .00000000, 00  .00000000, 00  .00000000, 00  .00000000, 00
         .00000000, 00  .00000000, 00  .00000000, 00  .00000000, 00  .00000000, 00  .00000000, 00  .00000000, 00
         .00000000, 00  .00000000, 00  .00000000, 00  .00000000, 00  .00000000, 00  .00000000, 00  .00000000, 00
         .00000000, 00  .00000000, 00  .00000000, 00  .00000000, 00  .00000000, 00  .00000000, 00  .00000000, 00
         .00000000, 00  .00000000, 00  .00000000, 00  .00000000, 00  .00000000, 00  .00000000, 00  .00000000, 00
         .00000000, 00  .00000000, 00  .00000000, 00  .00000000, 00  .00000000, 00  .00000000, 00  .00000000, 00
         .00000000, 00  .00000000, 00  .00000000, 00  .00000000, 00  .00000000, 00  .00000000, 00  .00000000, 00
         .00000000, 00  .00000000, 00  .00000000, 00  .00000000, 00  .00000000, 00  .00000000, 00  .00000000, 00
         .00000000, 00  .00000000, 00  .00000000, 00  .00000000, 00  .00000000, 00  .00000000, 00  .00000000, 00
         .00000000, 00  .00000000, 00  .00000000, 00  .00000000, 00  .00000000, 00  .00000000, 00  .00000000, 00
         .00000000, 00  .00000000, 00  .00000000, 00  .00000000, 00  .00000000, 00  .00000000, 00  .00000000, 00
         .00000000, 00  .00000000, 00  .00000000, 00  .00000000, 00  .00000000, 00  .00000000, 00  .00000000, 00
         .00000000, 00  .00000000, 00  .00000000, 00  .00000000, 00  .00000000, 00  .00000000, 00  .00000000, 00
         .00000000, 00  .00000000, 00  .00000000, 00  .00000000, 00  .00000000, 00  .00000000, 00  .00000000, 00
         .00000000, 00  .00000000, 00  .00000000, 00  .00000000, 00  .00000000, 00  .00000000, 00  .00000000, 00
         .00000000, 00  .00000000, 00  .00000000, 00  .00000000, 00  .00000000, 00  .00000000, 00  .00000000, 00
         .00000000, 00  .00000000, 00  .00000000, 00  .00000000, 00  .00000000, 00  .00000000, 00  .00000000, 00
         .00000000, 00  .00000000, 00  .00000000, 00  .00000000, 00  .00000000, 00  .00000000, 00  .00000000, 00
         .00000000, 00  .00000000, 00  .00000000, 00  .00000000, 00  .00000000, 00  .00000000, 00  .00000000, 00
         .00000000, 00  .00000000, 00  .00000000, 00  .00000000, 00  .00000000, 00  .00000000, 00  .00000000, 00
         .00000000, 00  .00000000, 00  .00000000, 00  .00000000, 00  .00000000, 00  .00000000, 00  .00000000, 00
         .00000000, 00  .00000000, 00  .00000000, 00  .00000000, 00  .00000000, 00  .00000000, 00  .00000000, 00
         .00000000, 00  .00000000, 00  .00000000, 00  .00000000, 00  .00000000, 00  .00000000, 00  .00000000, 00
         .00000000, 00  .00000000, 00  .00000000, 00  .00000000, 00  .00000000, 00  .00000000, 00  .00000000, 00
         .00000000, 00  .00000000, 00  .00000000, 00  .00000000, 00  .00000000, 00  .00000000, 00  .00000000, 00
         .00000000, 00  .00000000, 00  .00000000, 00  .00000000, 00
 
 
       ARRAY   NS
 
 
 
        -.70679838, 03 -.13862517, 04  .72552136, 03  .14049255, 04  .00000000, 00  .00000000, 00  .00000000, 00
         .00000000, 00  .00000000, 00  .00000000, 00  .00000000, 00  .00000000, 00  .00000000, 00  .00000000, 00
         .00000000, 00  .00000000, 00  .00000000, 00  .00000000, 00  .00000000, 00  .00000000, 00  .00000000, 00
         .00000000, 00  .00000000, 00  .00000000, 00  .00000000, 00  .00000000, 00  .00000000, 00  .00000000, 00
         .00000000, 00  .00000000, 00  .00000000, 00  .00000000, 00  .00000000, 00  .00000000, 00  .00000000, 00
         .00000000, 00  .00000000, 00  .00000000, 00  .00000000, 00  .00000000, 00  .00000000, 00  .00000000, 00
         .00000000, 00  .00000000, 00  .00000000, 00  .00000000, 00  .00000000, 00  .00000000, 00  .00000000, 00
         .00000000, 00  .00000000, 00  .00000000, 00  .00000000, 00  .00000000, 00  .00000000, 00  .00000000, 00
         .00000000, 00  .00000000, 00  .00000000, 00  .00000000, 00  .00000000, 00  .00000000, 00  .00000000, 00
         .00000000, 00  .00000000, 00  .00000000, 00  .00000000, 00  .00000000, 00  .00000000, 00  .00000000, 00
         .00000000, 00  .00000000, 00  .00000000, 00  .00000000, 00  .00000000, 00  .00000000, 00  .00000000, 00
         .00000000, 00  .00000000, 00  .00000000, 00  .00000000, 00  .00000000, 00  .00000000, 00  .00000000, 00
         .00000000, 00  .00000000, 00  .00000000, 00  .00000000, 00  .00000000, 00  .00000000, 00  .00000000, 00
         .00000000, 00  .00000000, 00  .00000000, 00  .00000000, 00  .00000000, 00  .00000000, 00  .00000000, 00
         .00000000, 00  .00000000, 00  .00000000, 00  .00000000, 00  .00000000, 00  .00000000, 00  .00000000, 00
         .00000000, 00  .00000000, 00  .00000000, 00  .00000000, 00  .00000000, 00  .00000000, 00  .00000000, 00
         .00000000, 00  .00000000, 00  .00000000, 00  .00000000, 00  .00000000, 00  .00000000, 00  .00000000, 00
         .00000000, 00  .00000000, 00  .00000000, 00  .00000000, 00  .00000000, 00  .00000000, 00  .00000000, 00
         .00000000, 00  .00000000, 00  .00000000, 00  .00000000, 00  .00000000, 00  .00000000, 00  .00000000, 00
         .00000000, 00  .00000000, 00  .00000000, 00  .00000000, 00  .00000000, 00  .00000000, 00  .00000000, 00
         .00000000, 00  .00000000, 00  .00000000, 00  .00000000, 00  .00000000, 00  .00000000, 00  .00000000, 00
         .00000000, 00  .00000000, 00  .00000000, 00  .00000000, 00  .00000000, 00  .00000000, 00  .00000000, 00
         .00000000, 00  .00000000, 00  .00000000, 00  .00000000, 00  .00000000, 00  .00000000, 00  .00000000, 00
         .00000000, 00  .00000000, 00  .00000000, 00  .00000000, 00  .00000000, 00  .00000000, 00  .00000000, 00
         .00000000, 00  .00000000, 00  .00000000, 00  .00000000, 00  .00000000, 00  .00000000, 00  .00000000, 00
         .00000000, 00  .00000000, 00  .00000000, 00  .00000000, 00  .00000000, 00  .00000000, 00  .00000000, 00
         .00000000, 00  .00000000, 00  .00000000, 00  .00000000, 00  .00000000, 00  .00000000, 00  .00000000, 00
         .00000000, 00  .00000000, 00  .00000000, 00  .00000000, 00  .00000000, 00  .00000000, 00  .00000000, 00
         .00000000, 00  .00000000, 00  .00000000, 00  .00000000, 00
 
 
        LAST LABEL PASSED WAS      QUAD2(0003)
 
        VARIABLE IN PROGRAM                    VALUE
 
 
 
          CD                                .19916902, 04
 
       ARRAY   EW
 
 
 
         .12152047, 03 -.14467482, 04 -.68132297, 03  .14257445, 04  .00000000, 00  .00000000, 00  .00000000, 00
         .00000000, 00  .00000000, 00  .00000000, 00  .00000000, 00  .00000000, 00  .00000000, 00  .00000000, 00
         .00000000, 00  .00000000, 00  .00000000, 00  .00000000, 00  .00000000, 00  .00000000, 00  .00000000, 00
         .00000000, 00  .00000000, 00  .00000000, 00  .00000000, 00  .00000000, 00  .00000000, 00  .00000000, 00
         .00000000, 00  .00000000, 00  .00000000, 00  .00000000, 00  .00000000, 00  .00000000, 00  .00000000, 00
         .00000000, 00  .00000000, 00  .00000000, 00  .00000000, 00  .00000000, 00  .00000000, 00  .00000000, 00
         .00000000, 00  .00000000, 00  .00000000, 00  .00000000, 00  .00000000, 00  .00000000, 00  .00000000, 00
         .00000000, 00  .00000000, 00  .00000000, 00  .00000000, 00  .00000000, 00  .00000000, 00  .00000000, 00
         .00000000, 00  .00000000, 00  .00000000, 00  .00000000, 00  .00000000, 00  .00000000, 00  .00000000, 00
         .00000000, 00  .00000000, 00  .00000000, 00  .00000000, 00  .00000000, 00  .00000000, 00  .00000000, 00
         .00000000, 00  .00000000, 00  .00000000, 00  .00000000, 00  .00000000, 00  .00000000, 00  .00000000, 00
         .00000000, 00  .00000000, 00  .00000000, 00  .00000000, 00  .00000000, 00  .00000000, 00  .00000000, 00
         .00000000, 00  .00000000, 00  .00000000, 00  .00000000, 00  .00000000, 00  .00000000, 00  .00000000, 00
         .00000000, 00  .00000000, 00  .00000000, 00  .00000000, 00  .00000000, 00  .00000000, 00  .00000000, 00
         .00000000, 00  .00000000, 00  .00000000, 00  .00000000, 00  .00000000, 00  .00000000, 00  .00000000, 00
         .00000000, 00  .00000000, 00  .00000000, 00  .00000000, 00  .00000000, 00  .00000000, 00  .00000000, 00
         .00000000, 00  .00000000, 00  .00000000, 00  .00000000, 00  .00000000, 00  .00000000, 00  .00000000, 00
         .00000000, 00  .00000000, 00  .00000000, 00  .00000000, 00  .00000000, 00  .00000000, 00  .00000000, 00
         .00000000, 00  .00000000, 00  .00000000, 00  .00000000, 00  .00000000, 00  .00000000, 00  .00000000, 00
         .00000000, 00  .00000000, 00  .00000000, 00  .00000000, 00  .00000000, 00  .00000000, 00  .00000000, 00
         .00000000, 00  .00000000, 00  .00000000, 00  .00000000, 00  .00000000, 00  .00000000, 00  .00000000, 00
         .00000000, 00  .00000000, 00  .00000000, 00  .00000000, 00  .00000000, 00  .00000000, 00  .00000000, 00
         .00000000, 00  .00000000, 00  .00000000, 00  .00000000, 00  .00000000, 00  .00000000, 00  .00000000, 00
         .00000000, 00  .00000000, 00  .00000000, 00  .00000000, 00  .00000000, 00  .00000000, 00  .00000000, 00
         .00000000, 00  .00000000, 00  .00000000, 00  .00000000, 00  .00000000, 00  .00000000, 00  .00000000, 00
         .00000000, 00  .00000000, 00  .00000000, 00  .00000000, 00  .00000000, 00  .00000000, 00  .00000000, 00
         .00000000, 00  .00000000, 00  .00000000, 00  .00000000, 00  .00000000, 00  .00000000, 00  .00000000, 00
         .00000000, 00  .00000000, 00  .00000000, 00  .00000000, 00  .00000000, 00  .00000000, 00  .00000000, 00
         .00000000, 00  .00000000, 00  .00000000, 00  .00000000, 00
 
 
       ARRAY   NS
 
 
 
        -.63259569, 02 -.13862517, 04  .72552136, 03  .14049255, 04  .00000000, 00  .00000000, 00  .00000000, 00
         .00000000, 00  .00000000, 00  .00000000, 00  .00000000, 00  .00000000, 00  .00000000, 00  .00000000, 00
         .00000000, 00  .00000000, 00  .00000000, 00  .00000000, 00  .00000000, 00  .00000000, 00  .00000000, 00
         .00000000, 00  .00000000, 00  .00000000, 00  .00000000, 00  .00000000, 00  .00000000, 00  .00000000, 00
         .00000000, 00  .00000000, 00  .00000000, 00  .00000000, 00  .00000000, 00  .00000000, 00  .00000000, 00
         .00000000, 00  .00000000, 00  .00000000, 00  .00000000, 00  .00000000, 00  .00000000, 00  .00000000, 00
         .00000000, 00  .00000000, 00  .00000000, 00  .00000000, 00  .00000000, 00  .00000000, 00  .00000000, 00
         .00000000, 00  .00000000, 00  .00000000, 00  .00000000, 00  .00000000, 00  .00000000, 00  .00000000, 00
         .00000000, 00  .00000000, 00  .00000000, 00  .00000000, 00  .00000000, 00  .00000000, 00  .00000000, 00
         .00000000, 00  .00000000, 00  .00000000, 00  .00000000, 00  .00000000, 00  .00000000, 00  .00000000, 00
         .00000000, 00  .00000000, 00  .00000000, 00  .00000000, 00  .00000000, 00  .00000000, 00  .00000000, 00
         .00000000, 00  .00000000, 00  .00000000, 00  .00000000, 00  .00000000, 00  .00000000, 00  .00000000, 00
         .00000000, 00  .00000000, 00  .00000000, 00  .00000000, 00  .00000000, 00  .00000000, 00  .00000000, 00
         .00000000, 00  .00000000, 00  .00000000, 00  .00000000, 00  .00000000, 00  .00000000, 00  .00000000, 00
         .00000000, 00  .00000000, 00  .00000000, 00  .00000000, 00  .00000000, 00  .00000000, 00  .00000000, 00
         .00000000, 00  .00000000, 00  .00000000, 00  .00000000, 00  .00000000, 00  .00000000, 00  .00000000, 00
         .00000000, 00  .00000000, 00  .00000000, 00  .00000000, 00  .00000000, 00  .00000000, 00  .00000000, 00
         .00000000, 00  .00000000, 00  .00000000, 00  .00000000, 00  .00000000, 00  .00000000, 00  .00000000, 00
         .00000000, 00  .00000000, 00  .00000000, 00  .00000000, 00  .00000000, 00  .00000000, 00  .00000000, 00
         .00000000, 00  .00000000, 00  .00000000, 00  .00000000, 00  .00000000, 00  .00000000, 00  .00000000, 00
         .00000000, 00  .00000000, 00  .00000000, 00  .00000000, 00  .00000000, 00  .00000000, 00  .00000000, 00
         .00000000, 00  .00000000, 00  .00000000, 00  .00000000, 00  .00000000, 00  .00000000, 00  .00000000, 00
         .00000000, 00  .00000000, 00  .00000000, 00  .00000000, 00  .00000000, 00  .00000000, 00  .00000000, 00
         .00000000, 00  .00000000, 00  .00000000, 00  .00000000, 00  .00000000, 00  .00000000, 00  .00000000, 00
         .00000000, 00  .00000000, 00  .00000000, 00  .00000000, 00  .00000000, 00  .00000000, 00  .00000000, 00
         .00000000, 00  .00000000, 00  .00000000, 00  .00000000, 00  .00000000, 00  .00000000, 00  .00000000, 00
         .00000000, 00  .00000000, 00  .00000000, 00  .00000000, 00  .00000000, 00  .00000000, 00  .00000000, 00
         .00000000, 00  .00000000, 00  .00000000, 00  .00000000, 00  .00000000, 00  .00000000, 00  .00000000, 00
         .00000000, 00  .00000000, 00  .00000000, 00  .00000000, 00
 
 
        LAST LABEL PASSED WAS      QUAD2(0004)
 
        VARIABLE IN PROGRAM                    VALUE
 
 
 
          CD                                .19916902, 04
 
       ARRAY   EW
 
 
 
         .12152047, 03  .41265074, 02 -.68132297, 03  .14257445, 04  .00000000, 00  .00000000, 00  .00000000, 00
         .00000000, 00  .00000000, 00  .00000000, 00  .00000000, 00  .00000000, 00  .00000000, 00  .00000000, 00
         .00000000, 00  .00000000, 00  .00000000, 00  .00000000, 00  .00000000, 00  .00000000, 00  .00000000, 00
         .00000000, 00  .00000000, 00  .00000000, 00  .00000000, 00  .00000000, 00  .00000000, 00  .00000000, 00
         .00000000, 00  .00000000, 00  .00000000, 00  .00000000, 00  .00000000, 00  .00000000, 00  .00000000, 00
         .00000000, 00  .00000000, 00  .00000000, 00  .00000000, 00  .00000000, 00  .00000000, 00  .00000000, 00
         .00000000, 00  .00000000, 00  .00000000, 00  .00000000, 00  .00000000, 00  .00000000, 00  .00000000, 00
         .00000000, 00  .00000000, 00  .00000000, 00  .00000000, 00  .00000000, 00  .00000000, 00  .00000000, 00
         .00000000, 00  .00000000, 00  .00000000, 00  .00000000, 00  .00000000, 00  .00000000, 00  .00000000, 00
         .00000000, 00  .00000000, 00  .00000000, 00  .00000000, 00  .00000000, 00  .00000000, 00  .00000000, 00
         .00000000, 00  .00000000, 00  .00000000, 00  .00000000, 00  .00000000, 00  .00000000, 00  .00000000, 00
         .00000000, 00  .00000000, 00  .00000000, 00  .00000000, 00  .00000000, 00  .00000000, 00  .00000000, 00
         .00000000, 00  .00000000, 00  .00000000, 00  .00000000, 00  .00000000, 00  .00000000, 00  .00000000, 00
         .00000000, 00  .00000000, 00  .00000000, 00  .00000000, 00  .00000000, 00  .00000000, 00  .00000000, 00
         .00000000, 00  .00000000, 00  .00000000, 00  .00000000, 00  .00000000, 00  .00000000, 00  .00000000, 00
         .00000000, 00  .00000000, 00  .00000000, 00  .00000000, 00  .00000000, 00  .00000000, 00  .00000000, 00
         .00000000, 00  .00000000, 00  .00000000, 00  .00000000, 00  .00000000, 00  .00000000, 00  .00000000, 00
         .00000000, 00  .00000000, 00  .00000000, 00  .00000000, 00  .00000000, 00  .00000000, 00  .00000000, 00
         .00000000, 00  .00000000, 00  .00000000, 00  .00000000, 00  .00000000, 00  .00000000, 00  .00000000, 00
         .00000000, 00  .00000000, 00  .00000000, 00  .00000000, 00  .00000000, 00  .00000000, 00  .00000000, 00
         .00000000, 00  .00000000, 00  .00000000, 00  .00000000, 00  .00000000, 00  .00000000, 00  .00000000, 00
         .00000000, 00  .00000000, 00  .00000000, 00  .00000000, 00  .00000000, 00  .00000000, 00  .00000000, 00
         .00000000, 00  .00000000, 00  .00000000, 00  .00000000, 00  .00000000, 00  .00000000, 00  .00000000, 00
         .00000000, 00  .00000000, 00  .00000000, 00  .00000000, 00  .00000000, 00  .00000000, 00  .00000000, 00
         .00000000, 00  .00000000, 00  .00000000, 00  .00000000, 00  .00000000, 00  .00000000, 00  .00000000, 00
         .00000000, 00  .00000000, 00  .00000000, 00  .00000000, 00  .00000000, 00  .00000000, 00  .00000000, 00
         .00000000, 00  .00000000, 00  .00000000, 00  .00000000, 00  .00000000, 00  .00000000, 00  .00000000, 00
         .00000000, 00  .00000000, 00  .00000000, 00  .00000000, 00  .00000000, 00  .00000000, 00  .00000000, 00
         .00000000, 00  .00000000, 00  .00000000, 00  .00000000, 00
 
 
       ARRAY   NS
 
 
 
        -.63259569, 02 -.72935818, 02  .72552136, 03  .14049255, 04  .00000000, 00  .00000000, 00  .00000000, 00
         .00000000, 00  .00000000, 00  .00000000, 00  .00000000, 00  .00000000, 00  .00000000, 00  .00000000, 00
         .00000000, 00  .00000000, 00  .00000000, 00  .00000000, 00  .00000000, 00  .00000000, 00  .00000000, 00
         .00000000, 00  .00000000, 00  .00000000, 00  .00000000, 00  .00000000, 00  .00000000, 00  .00000000, 00
         .00000000, 00  .00000000, 00  .00000000, 00  .00000000, 00  .00000000, 00  .00000000, 00  .00000000, 00
         .00000000, 00  .00000000, 00  .00000000, 00  .00000000, 00  .00000000, 00  .00000000, 00  .00000000, 00
         .00000000, 00  .00000000, 00  .00000000, 00  .00000000, 00  .00000000, 00  .00000000, 00  .00000000, 00
         .00000000, 00  .00000000, 00  .00000000, 00  .00000000, 00  .00000000, 00  .00000000, 00  .00000000, 00
         .00000000, 00  .00000000, 00  .00000000, 00  .00000000, 00  .00000000, 00  .00000000, 00  .00000000, 00
         .00000000, 00  .00000000, 00  .00000000, 00  .00000000, 00  .00000000, 00  .00000000, 00  .00000000, 00
         .00000000, 00  .00000000, 00  .00000000, 00  .00000000, 00  .00000000, 00  .00000000, 00  .00000000, 00
         .00000000, 00  .00000000, 00  .00000000, 00  .00000000, 00  .00000000, 00  .00000000, 00  .00000000, 00
         .00000000, 00  .00000000, 00  .00000000, 00  .00000000, 00  .00000000, 00  .00000000, 00  .00000000, 00
         .00000000, 00  .00000000, 00  .00000000, 00  .00000000, 00  .00000000, 00  .00000000, 00  .00000000, 00
         .00000000, 00  .00000000, 00  .00000000, 00  .00000000, 00  .00000000, 00  .00000000, 00  .00000000, 00
         .00000000, 00  .00000000, 00  .00000000, 00  .00000000, 00  .00000000, 00  .00000000, 00  .00000000, 00
         .00000000, 00  .00000000, 00  .00000000, 00  .00000000, 00  .00000000, 00  .00000000, 00  .00000000, 00
         .00000000, 00  .00000000, 00  .00000000, 00  .00000000, 00  .00000000, 00  .00000000, 00  .00000000, 00
         .00000000, 00  .00000000, 00  .00000000, 00  .00000000, 00  .00000000, 00  .00000000, 00  .00000000, 00
         .00000000, 00  .00000000, 00  .00000000, 00  .00000000, 00  .00000000, 00  .00000000, 00  .00000000, 00
         .00000000, 00  .00000000, 00  .00000000, 00  .00000000, 00  .00000000, 00  .00000000, 00  .00000000, 00
         .00000000, 00  .00000000, 00  .00000000, 00  .00000000, 00  .00000000, 00  .00000000, 00  .00000000, 00
         .00000000, 00  .00000000, 00  .00000000, 00  .00000000, 00  .00000000, 00  .00000000, 00  .00000000, 00
         .00000000, 00  .00000000, 00  .00000000, 00  .00000000, 00  .00000000, 00  .00000000, 00  .00000000, 00
         .00000000, 00  .00000000, 00  .00000000, 00  .00000000, 00  .00000000, 00  .00000000, 00  .00000000, 00
         .00000000, 00  .00000000, 00  .00000000, 00  .00000000, 00  .00000000, 00  .00000000, 00  .00000000, 00
         .00000000, 00  .00000000, 00  .00000000, 00  .00000000, 00  .00000000, 00  .00000000, 00  .00000000, 00
         .00000000, 00  .00000000, 00  .00000000, 00  .00000000, 00  .00000000, 00  .00000000, 00  .00000000, 00
         .00000000, 00  .00000000, 00  .00000000, 00  .00000000, 00
 
 
        LAST LABEL PASSED WAS      QUAD1(0002)
 
        VARIABLE IN PROGRAM                    VALUE
 
 
 
          CD                                .19916902, 04
 
       ARRAY   EW
 
 
 
         .12152047, 03  .41265074, 02  .11927717, 03  .14257445, 04  .00000000, 00  .00000000, 00  .00000000, 00
         .00000000, 00  .00000000, 00  .00000000, 00  .00000000, 00  .00000000, 00  .00000000, 00  .00000000, 00
         .00000000, 00  .00000000, 00  .00000000, 00  .00000000, 00  .00000000, 00  .00000000, 00  .00000000, 00
         .00000000, 00  .00000000, 00  .00000000, 00  .00000000, 00  .00000000, 00  .00000000, 00  .00000000, 00
         .00000000, 00  .00000000, 00  .00000000, 00  .00000000, 00  .00000000, 00  .00000000, 00  .00000000, 00
         .00000000, 00  .00000000, 00  .00000000, 00  .00000000, 00  .00000000, 00  .00000000, 00  .00000000, 00
         .00000000, 00  .00000000, 00  .00000000, 00  .00000000, 00  .00000000, 00  .00000000, 00  .00000000, 00
         .00000000, 00  .00000000, 00  .00000000, 00  .00000000, 00  .00000000, 00  .00000000, 00  .00000000, 00
         .00000000, 00  .00000000, 00  .00000000, 00  .00000000, 00  .00000000, 00  .00000000, 00  .00000000, 00
         .00000000, 00  .00000000, 00  .00000000, 00  .00000000, 00  .00000000, 00  .00000000, 00  .00000000, 00
         .00000000, 00  .00000000, 00  .00000000, 00  .00000000, 00  .00000000, 00  .00000000, 00  .00000000, 00
         .00000000, 00  .00000000, 00  .00000000, 00  .00000000, 00  .00000000, 00  .00000000, 00  .00000000, 00
         .00000000, 00  .00000000, 00  .00000000, 00  .00000000, 00  .00000000, 00  .00000000, 00  .00000000, 00
         .00000000, 00  .00000000, 00  .00000000, 00  .00000000, 00  .00000000, 00  .00000000, 00  .00000000, 00
         .00000000, 00  .00000000, 00  .00000000, 00  .00000000, 00  .00000000, 00  .00000000, 00  .00000000, 00
         .00000000, 00  .00000000, 00  .00000000, 00  .00000000, 00  .00000000, 00  .00000000, 00  .00000000, 00
         .00000000, 00  .00000000, 00  .00000000, 00  .00000000, 00  .00000000, 00  .00000000, 00  .00000000, 00
         .00000000, 00  .00000000, 00  .00000000, 00  .00000000, 00  .00000000, 00  .00000000, 00  .00000000, 00
         .00000000, 00  .00000000, 00  .00000000, 00  .00000000, 00  .00000000, 00  .00000000, 00  .00000000, 00
         .00000000, 00  .00000000, 00  .00000000, 00  .00000000, 00  .00000000, 00  .00000000, 00  .00000000, 00
         .00000000, 00  .00000000, 00  .00000000, 00  .00000000, 00  .00000000, 00  .00000000, 00  .00000000, 00
         .00000000, 00  .00000000, 00  .00000000, 00  .00000000, 00  .00000000, 00  .00000000, 00  .00000000, 00
         .00000000, 00  .00000000, 00  .00000000, 00  .00000000, 00  .00000000, 00  .00000000, 00  .00000000, 00
         .00000000, 00  .00000000, 00  .00000000, 00  .00000000, 00  .00000000, 00  .00000000, 00  .00000000, 00
         .00000000, 00  .00000000, 00  .00000000, 00  .00000000, 00  .00000000, 00  .00000000, 00  .00000000, 00
         .00000000, 00  .00000000, 00  .00000000, 00  .00000000, 00  .00000000, 00  .00000000, 00  .00000000, 00
         .00000000, 00  .00000000, 00  .00000000, 00  .00000000, 00  .00000000, 00  .00000000, 00  .00000000, 00
         .00000000, 00  .00000000, 00  .00000000, 00  .00000000, 00  .00000000, 00  .00000000, 00  .00000000, 00
         .00000000, 00  .00000000, 00  .00000000, 00  .00000000, 00
 
 
       ARRAY   NS
 
 
 
        -.63259569, 02 -.72935818, 02 -.35331520, 02  .14049255, 04  .00000000, 00  .00000000, 00  .00000000, 00
         .00000000, 00  .00000000, 00  .00000000, 00  .00000000, 00  .00000000, 00  .00000000, 00  .00000000, 00
         .00000000, 00  .00000000, 00  .00000000, 00  .00000000, 00  .00000000, 00  .00000000, 00  .00000000, 00
         .00000000, 00  .00000000, 00  .00000000, 00  .00000000, 00  .00000000, 00  .00000000, 00  .00000000, 00
         .00000000, 00  .00000000, 00  .00000000, 00  .00000000, 00  .00000000, 00  .00000000, 00  .00000000, 00
         .00000000, 00  .00000000, 00  .00000000, 00  .00000000, 00  .00000000, 00  .00000000, 00  .00000000, 00
         .00000000, 00  .00000000, 00  .00000000, 00  .00000000, 00  .00000000, 00  .00000000, 00  .00000000, 00
         .00000000, 00  .00000000, 00  .00000000, 00  .00000000, 00  .00000000, 00  .00000000, 00  .00000000, 00
         .00000000, 00  .00000000, 00  .00000000, 00  .00000000, 00  .00000000, 00  .00000000, 00  .00000000, 00
         .00000000, 00  .00000000, 00  .00000000, 00  .00000000, 00  .00000000, 00  .00000000, 00  .00000000, 00
         .00000000, 00  .00000000, 00  .00000000, 00  .00000000, 00  .00000000, 00  .00000000, 00  .00000000, 00
         .00000000, 00  .00000000, 00  .00000000, 00  .00000000, 00  .00000000, 00  .00000000, 00  .00000000, 00
         .00000000, 00  .00000000, 00  .00000000, 00  .00000000, 00  .00000000, 00  .00000000, 00  .00000000, 00
         .00000000, 00  .00000000, 00  .00000000, 00  .00000000, 00  .00000000, 00  .00000000, 00  .00000000, 00
         .00000000, 00  .00000000, 00  .00000000, 00  .00000000, 00  .00000000, 00  .00000000, 00  .00000000, 00
         .00000000, 00  .00000000, 00  .00000000, 00  .00000000, 00  .00000000, 00  .00000000, 00  .00000000, 00
         .00000000, 00  .00000000, 00  .00000000, 00  .00000000, 00  .00000000, 00  .00000000, 00  .00000000, 00
         .00000000, 00  .00000000, 00  .00000000, 00  .00000000, 00  .00000000, 00  .00000000, 00  .00000000, 00
         .00000000, 00  .00000000, 00  .00000000, 00  .00000000, 00  .00000000, 00  .00000000, 00  .00000000, 00
         .00000000, 00  .00000000, 00  .00000000, 00  .00000000, 00  .00000000, 00  .00000000, 00  .00000000, 00
         .00000000, 00  .00000000, 00  .00000000, 00  .00000000, 00  .00000000, 00  .00000000, 00  .00000000, 00
         .00000000, 00  .00000000, 00  .00000000, 00  .00000000, 00  .00000000, 00  .00000000, 00  .00000000, 00
         .00000000, 00  .00000000, 00  .00000000, 00  .00000000, 00  .00000000, 00  .00000000, 00  .00000000, 00
         .00000000, 00  .00000000, 00  .00000000, 00  .00000000, 00  .00000000, 00  .00000000, 00  .00000000, 00
         .00000000, 00  .00000000, 00  .00000000, 00  .00000000, 00  .00000000, 00  .00000000, 00  .00000000, 00
         .00000000, 00  .00000000, 00  .00000000, 00  .00000000, 00  .00000000, 00  .00000000, 00  .00000000, 00
         .00000000, 00  .00000000, 00  .00000000, 00  .00000000, 00  .00000000, 00  .00000000, 00  .00000000, 00
         .00000000, 00  .00000000, 00  .00000000, 00  .00000000, 00  .00000000, 00  .00000000, 00  .00000000, 00
         .00000000, 00  .00000000, 00  .00000000, 00  .00000000, 00
 
 
        LAST LABEL PASSED WAS      QUAD3(0002)
 
        VARIABLE IN PROGRAM                    VALUE
 
 
 
          CD                                .19916902, 04

       ARRAY   EW



         .12152047, 03  .41265074, 02  .11927717, 03  .95284538, 02  .00000000, 00  .00000000, 00  .00000000, 00
         .00000000, 00  .00000000, 00  .00000000, 00  .00000000, 00  .00000000, 00  .00000000, 00  .00000000, 00
         .00000000, 00  .00000000, 00  .00000000, 00  .00000000, 00  .00000000, 00  .00000000, 00  .00000000, 00
         .00000000, 00  .00000000, 00  .00000000, 00  .00000000, 00  .00000000, 00  .00000000, 00  .00000000, 00
         .00000000, 00  .00000000, 00  .00000000, 00  .00000000, 00  .00000000, 00  .00000000, 00  .00000000, 00
         .00000000, 00  .00000000, 00  .00000000, 00  .00000000, 00  .00000000, 00  .00000000, 00  .00000000, 00
         .00000000, 00  .00000000, 00  .00000000, 00  .00000000, 00  .00000000, 00  .00000000, 00  .00000000, 00
         .00000000, 00  .00000000, 00  .00000000, 00  .00000000, 00  .00000000, 00  .00000000, 00  .00000000, 00
         .00000000, 00  .00000000, 00  .00000000, 00  .00000000, 00  .00000000, 00  .00000000, 00  .00000000, 00
         .00000000, 00  .00000000, 00  .00000000, 00  .00000000, 00  .00000000, 00  .00000000, 00  .00000000, 00
         .00000000, 00  .00000000, 00  .00000000, 00  .00000000, 00  .00000000, 00  .00000000, 00  .00000000, 00
         .00000000, 00  .00000000, 00  .00000000, 00  .00000000, 00  .00000000, 00  .00000000, 00  .00000000, 00
         .00000000, 00  .00000000, 00  .00000000, 00  .00000000, 00  .00000000, 00  .00000000, 00  .00000000, 00
         .00000000, 00  .00000000, 00  .00000000, 00  .00000000, 00  .00000000, 00  .00000000, 00  .00000000, 00
         .00000000, 00  .00000000, 00  .00000000, 00  .00000000, 00  .00000000, 00  .00000000, 00  .00000000, 00
         .00000000, 00  .00000000, 00  .00000000, 00  .00000000, 00  .00000000, 00  .00000000, 00  .00000000, 00
         .00000000, 00  .00000000, 00  .00000000, 00  .00000000, 00  .00000000, 00  .00000000, 00  .00000000, 00
         .00000000, 00  .00000000, 00  .00000000, 00  .00000000, 00  .00000000, 00  .00000000, 00  .00000000, 00
         .00000000, 00  .00000000, 00  .00000000, 00  .00000000, 00  .00000000, 00  .00000000, 00  .00000000, 00
         .00000000, 00  .00000000, 00  .00000000, 00  .00000000, 00  .00000000, 00  .00000000, 00  .00000000, 00
         .00000000, 00  .00000000, 00  .00000000, 00  .00000000, 00  .00000000, 00  .00000000, 00  .00000000, 00
         .00000000, 00  .00000000, 00  .00000000, 00  .00000000, 00  .00000000, 00  .00000000, 00  .00000000, 00
         .00000000, 00  .00000000, 00  .00000000, 00  .00000000, 00  .00000000, 00  .00000000, 00  .00000000, 00
         .00000000, 00  .00000000, 00  .00000000, 00  .00000000, 00  .00000000, 00  .00000000, 00  .00000000, 00
         .00000000, 00  .00000000, 00  .00000000, 00  .00000000, 00  .00000000, 00  .00000000, 00  .00000000, 00
         .00000000, 00  .00000000, 00  .00000000, 00  .00000000, 00  .00000000, 00  .00000000, 00  .00000000, 00
         .00000000, 00  .00000000, 00  .00000000, 00  .00000000, 00  .00000000, 00  .00000000, 00  .00000000, 00
         .00000000, 00  .00000000, 00  .00000000, 00  .00000000, 00  .00000000, 00  .00000000, 00  .00000000, 00
         .00000000, 00  .00000000, 00  .00000000, 00  .00000000, 00


       ARRAY   NS



        -.63259569, 02 -.72935818, 02 -.35331520, 02  .11558936, 03  .00000000, 00  .00000000, 00  .00000000, 00
         .00000000, 00  .00000000, 00  .00000000, 00  .00000000, 00  .00000000, 00  .00000000, 00  .00000000, 00
         .00000000, 00  .00000000, 00  .00000000, 00  .00000000, 00  .00000000, 00  .00000000, 00  .00000000, 00
         .00000000, 00  .00000000, 00  .00000000, 00  .00000000, 00  .00000000, 00  .00000000, 00  .00000000, 00
         .00000000, 00  .00000000, 00  .00000000, 00  .00000000, 00  .00000000, 00  .00000000, 00  .00000000, 00
         .00000000, 00  .00000000, 00  .00000000, 00  .00000000, 00  .00000000, 00  .00000000, 00  .00000000, 00
         .00000000, 00  .00000000, 00  .00000000, 00  .00000000, 00  .00000000, 00  .00000000, 00  .00000000, 00
         .00000000, 00  .00000000, 00  .00000000, 00  .00000000, 00  .00000000, 00  .00000000, 00  .00000000, 00
         .00000000, 00  .00000000, 00  .00000000, 00  .00000000, 00  .00000000, 00  .00000000, 00  .00000000, 00
         .00000000, 00  .00000000, 00  .00000000, 00  .00000000, 00  .00000000, 00  .00000000, 00  .00000000, 00
         .00000000, 00  .00000000, 00  .00000000, 00  .00000000, 00  .00000000, 00  .00000000, 00  .00000000, 00
         .00000000, 00  .00000000, 00  .00000000, 00  .00000000, 00  .00000000, 00  .00000000, 00  .00000000, 00
         .00000000, 00  .00000000, 00  .00000000, 00  .00000000, 00  .00000000, 00  .00000000, 00  .00000000, 00
         .00000000, 00  .00000000, 00  .00000000, 00  .00000000, 00  .00000000, 00  .00000000, 00  .00000000, 00
         .00000000, 00  .00000000, 00  .00000000, 00  .00000000, 00  .00000000, 00  .00000000, 00  .00000000, 00
         .00000000, 00  .00000000, 00  .00000000, 00  .00000000, 00  .00000000, 00  .00000000, 00  .00000000, 00
         .00000000, 00  .00000000, 00  .00000000, 00  .00000000, 00  .00000000, 00  .00000000, 00  .00000000, 00
         .00000000, 00  .00000000, 00  .00000000, 00  .00000000, 00  .00000000, 00  .00000000, 00  .00000000, 00
         .00000000, 00  .00000000, 00  .00000000, 00  .00000000, 00  .00000000, 00  .00000000, 00  .00000000, 00
         .00000000, 00  .00000000, 00  .00000000, 00  .00000000, 00  .00000000, 00  .00000000, 00  .00000000, 00
         .00000000, 00  .00000000, 00  .00000000, 00  .00000000, 00  .00000000, 00  .00000000, 00  .00000000, 00
         .00000000, 00  .00000000, 00  .00000000, 00  .00000000, 00  .00000000, 00  .00000000, 00  .00000000, 00
         .00000000, 00  .00000000, 00  .00000000, 00  .00000000, 00  .00000000, 00  .00000000, 00  .00000000, 00
         .00000000, 00  .00000000, 00  .00000000, 00  .00000000, 00  .00000000, 00  .00000000, 00  .00000000, 00
         .00000000, 00  .00000000, 00  .00000000, 00  .00000000, 00  .00000000, 00  .00000000, 00  .00000000, 00
         .00000000, 00  .00000000, 00  .00000000, 00  .00000000, 00  .00000000, 00  .00000000, 00  .00000000, 00
         .00000000, 00  .00000000, 00  .00000000, 00  .00000000, 00  .00000000, 00  .00000000, 00  .00000000, 00
         .00000000, 00  .00000000, 00  .00000000, 00  .00000000, 00  .00000000, 00  .00000000, 00  .00000000, 00
         .00000000, 00  .00000000, 00  .00000000, 00  .00000000, 00


        LAST LABEL PASSED WAS      QUAD4(0002)

        VARIABLE IN PROGRAM                    VALUE



          CD                                .19916902, 04

       ARRAY   EW



         .12152047, 03  .41265074, 02  .11927717, 03  .95284538, 02 -.71049930, 02  .00000000, 00  .00000000, 00
         .00000000, 00  .00000000, 00  .00000000, 00  .00000000, 00  .00000000, 00  .00000000, 00  .00000000, 00
         .00000000, 00  .00000000, 00  .00000000, 00  .00000000, 00  .00000000, 00  .00000000, 00  .00000000, 00
         .00000000, 00  .00000000, 00  .00000000, 00  .00000000, 00  .00000000, 00  .00000000, 00  .00000000, 00
         .00000000, 00  .00000000, 00  .00000000, 00  .00000000, 00  .00000000, 00  .00000000, 00  .00000000, 00
         .00000000, 00  .00000000, 00  .00000000, 00  .00000000, 00  .00000000, 00  .00000000, 00  .00000000, 00
         .00000000, 00  .00000000, 00  .00000000, 00  .00000000, 00  .00000000, 00  .00000000, 00  .00000000, 00
         .00000000, 00  .00000000, 00  .00000000, 00  .00000000, 00  .00000000, 00  .00000000, 00  .00000000, 00
         .00000000, 00  .00000000, 00  .00000000, 00  .00000000, 00  .00000000, 00  .00000000, 00  .00000000, 00
         .00000000, 00  .00000000, 00  .00000000, 00  .00000000, 00  .00000000, 00  .00000000, 00  .00000000, 00
         .00000000, 00  .00000000, 00  .00000000, 00  .00000000, 00  .00000000, 00  .00000000, 00  .00000000, 00
         .00000000, 00  .00000000, 00  .00000000, 00  .00000000, 00  .00000000, 00  .00000000, 00  .00000000, 00
         .00000000, 00  .00000000, 00  .00000000, 00  .00000000, 00  .00000000, 00  .00000000, 00  .00000000, 00
         .00000000, 00  .00000000, 00  .00000000, 00  .00000000, 00  .00000000, 00  .00000000, 00  .00000000, 00
         .00000000, 00  .00000000, 00  .00000000, 00  .00000000, 00  .00000000, 00  .00000000, 00  .00000000, 00
         .00000000, 00  .00000000, 00  .00000000, 00  .00000000, 00  .00000000, 00  .00000000, 00  .00000000, 00
         .00000000, 00  .00000000, 00  .00000000, 00  .00000000, 00  .00000000, 00  .00000000, 00  .00000000, 00
         .00000000, 00  .00000000, 00  .00000000, 00  .00000000, 00  .00000000, 00  .00000000, 00  .00000000, 00
         .00000000, 00  .00000000, 00  .00000000, 00  .00000000, 00  .00000000, 00  .00000000, 00  .00000000, 00
         .00000000, 00  .00000000, 00  .00000000, 00  .00000000, 00  .00000000, 00  .00000000, 00  .00000000, 00
         .00000000, 00  .00000000, 00  .00000000, 00  .00000000, 00  .00000000, 00  .00000000, 00  .00000000, 00
         .00000000, 00  .00000000, 00  .00000000, 00  .00000000, 00  .00000000, 00  .00000000, 00  .00000000, 00
         .00000000, 00  .00000000, 00  .00000000, 00  .00000000, 00  .00000000, 00  .00000000, 00  .00000000, 00
         .00000000, 00  .00000000, 00  .00000000, 00  .00000000, 00  .00000000, 00  .00000000, 00  .00000000, 00
         .00000000, 00  .00000000, 00  .00000000, 00  .00000000, 00  .00000000, 00  .00000000, 00  .00000000, 00
         .00000000, 00  .00000000, 00  .00000000, 00  .00000000, 00  .00000000, 00  .00000000, 00  .00000000, 00
         .00000000, 00  .00000000, 00  .00000000, 00  .00000000, 00  .00000000, 00  .00000000, 00  .00000000, 00
         .00000000, 00  .00000000, 00  .00000000, 00  .00000000, 00  .00000000, 00  .00000000, 00  .00000000, 00
         .00000000, 00  .00000000, 00  .00000000, 00  .00000000, 00


       ARRAY   NS



        -.63259569, 02 -.72935818, 02 -.35331520, 02  .11558936, 03  .86190464, 02  .00000000, 00  .00000000, 00
         .00000000, 00  .00000000, 00  .00000000, 00  .00000000, 00  .00000000, 00  .00000000, 00  .00000000, 00
         .00000000, 00  .00000000, 00  .00000000, 00  .00000000, 00  .00000000, 00  .00000000, 00  .00000000, 00
         .00000000, 00  .00000000, 00  .00000000, 00  .00000000, 00  .00000000, 00  .00000000, 00  .00000000, 00
         .00000000, 00  .00000000, 00  .00000000, 00  .00000000, 00  .00000000, 00  .00000000, 00  .00000000, 00
         .00000000, 00  .00000000, 00  .00000000, 00  .00000000, 00  .00000000, 00  .00000000, 00  .00000000, 00
         .00000000, 00  .00000000, 00  .00000000, 00  .00000000, 00  .00000000, 00  .00000000, 00  .00000000, 00
         .00000000, 00  .00000000, 00  .00000000, 00  .00000000, 00  .00000000, 00  .00000000, 00  .00000000, 00
         .00000000, 00  .00000000, 00  .00000000, 00  .00000000, 00  .00000000, 00  .00000000, 00  .00000000, 00
         .00000000, 00  .00000000, 00  .00000000, 00  .00000000, 00  .00000000, 00  .00000000, 00  .00000000, 00
         .00000000, 00  .00000000, 00  .00000000, 00  .00000000, 00  .00000000, 00  .00000000, 00  .00000000, 00
         .00000000, 00  .00000000, 00  .00000000, 00  .00000000, 00  .00000000, 00  .00000000, 00  .00000000, 00
         .00000000, 00  .00000000, 00  .00000000, 00  .00000000, 00  .00000000, 00  .00000000, 00  .00000000, 00
         .00000000, 00  .00000000, 00  .00000000, 00  .00000000, 00  .00000000, 00  .00000000, 00  .00000000, 00
         .00000000, 00  .00000000, 00  .00000000, 00  .00000000, 00  .00000000, 00  .00000000, 00  .00000000, 00
         .00000000, 00  .00000000, 00  .00000000, 00  .00000000, 00  .00000000, 00  .00000000, 00  .00000000, 00
         .00000000, 00  .00000000, 00  .00000000, 00  .00000000, 00  .00000000, 00  .00000000, 00  .00000000, 00
         .00000000, 00  .00000000, 00  .00000000, 00  .00000000, 00  .00000000, 00  .00000000, 00  .00000000, 00
         .00000000, 00  .00000000, 00  .00000000, 00  .00000000, 00  .00000000, 00  .00000000, 00  .00000000, 00
         .00000000, 00  .00000000, 00  .00000000, 00  .00000000, 00  .00000000, 00  .00000000, 00  .00000000, 00
         .00000000, 00  .00000000, 00  .00000000, 00  .00000000, 00  .00000000, 00  .00000000, 00  .00000000, 00
         .00000000, 00  .00000000, 00  .00000000, 00  .00000000, 00  .00000000, 00  .00000000, 00  .00000000, 00
         .00000000, 00  .00000000, 00  .00000000, 00  .00000000, 00  .00000000, 00  .00000000, 00  .00000000, 00
         .00000000, 00  .00000000, 00  .00000000, 00  .00000000, 00  .00000000, 00  .00000000, 00  .00000000, 00
         .00000000, 00  .00000000, 00  .00000000, 00  .00000000, 00  .00000000, 00  .00000000, 00  .00000000, 00
         .00000000, 00  .00000000, 00  .00000000, 00  .00000000, 00  .00000000, 00  .00000000, 00  .00000000, 00
         .00000000, 00  .00000000, 00  .00000000, 00  .00000000, 00  .00000000, 00  .00000000, 00  .00000000, 00
         .00000000, 00  .00000000, 00  .00000000, 00  .00000000, 00  .00000000, 00  .00000000, 00  .00000000, 00
         .00000000, 00  .00000000, 00  .00000000, 00  .00000000, 00


        LAST LABEL PASSED WAS      QUAD4(0003)

        VARIABLE IN PROGRAM                    VALUE



          CD                                .19916902, 04

       ARRAY   EW



         .12152047, 03  .41265074, 02  .11927717, 03  .95284538, 02 -.71049930, 02 -.26640867, 03  .00000000, 00
         .00000000, 00  .00000000, 00  .00000000, 00  .00000000, 00  .00000000, 00  .00000000, 00  .00000000, 00
         .00000000, 00  .00000000, 00  .00000000, 00  .00000000, 00  .00000000, 00  .00000000, 00  .00000000, 00
         .00000000, 00  .00000000, 00  .00000000, 00  .00000000, 00  .00000000, 00  .00000000, 00  .00000000, 00
         .00000000, 00  .00000000, 00  .00000000, 00  .00000000, 00  .00000000, 00  .00000000, 00  .00000000, 00
         .00000000, 00  .00000000, 00  .00000000, 00  .00000000, 00  .00000000, 00  .00000000, 00  .00000000, 00
         .00000000, 00  .00000000, 00  .00000000, 00  .00000000, 00  .00000000, 00  .00000000, 00  .00000000, 00
         .00000000, 00  .00000000, 00  .00000000, 00  .00000000, 00  .00000000, 00  .00000000, 00  .00000000, 00
         .00000000, 00  .00000000, 00  .00000000, 00  .00000000, 00  .00000000, 00  .00000000, 00  .00000000, 00
         .00000000, 00  .00000000, 00  .00000000, 00  .00000000, 00  .00000000, 00  .00000000, 00  .00000000, 00
         .00000000, 00  .00000000, 00  .00000000, 00  .00000000, 00  .00000000, 00  .00000000, 00  .00000000, 00
         .00000000, 00  .00000000, 00  .00000000, 00  .00000000, 00  .00000000, 00  .00000000, 00  .00000000, 00
         .00000000, 00  .00000000, 00  .00000000, 00  .00000000, 00  .00000000, 00  .00000000, 00  .00000000, 00
         .00000000, 00  .00000000, 00  .00000000, 00  .00000000, 00  .00000000, 00  .00000000, 00  .00000000, 00
         .00000000, 00  .00000000, 00  .00000000, 00  .00000000, 00  .00000000, 00  .00000000, 00  .00000000, 00
         .00000000, 00  .00000000, 00  .00000000, 00  .00000000, 00  .00000000, 00  .00000000, 00  .00000000, 00
         .00000000, 00  .00000000, 00  .00000000, 00  .00000000, 00  .00000000, 00  .00000000, 00  .00000000, 00
         .00000000, 00  .00000000, 00  .00000000, 00  .00000000, 00  .00000000, 00  .00000000, 00  .00000000, 00
         .00000000, 00  .00000000, 00  .00000000, 00  .00000000, 00  .00000000, 00  .00000000, 00  .00000000, 00
         .00000000, 00  .00000000, 00  .00000000, 00  .00000000, 00  .00000000, 00  .00000000, 00  .00000000, 00
         .00000000, 00  .00000000, 00  .00000000, 00  .00000000, 00  .00000000, 00  .00000000, 00  .00000000, 00
         .00000000, 00  .00000000, 00  .00000000, 00  .00000000, 00  .00000000, 00  .00000000, 00  .00000000, 00
         .00000000, 00  .00000000, 00  .00000000, 00  .00000000, 00  .00000000, 00  .00000000, 00  .00000000, 00
         .00000000, 00  .00000000, 00  .00000000, 00  .00000000, 00  .00000000, 00  .00000000, 00  .00000000, 00
         .00000000, 00  .00000000, 00  .00000000, 00  .00000000, 00  .00000000, 00  .00000000, 00  .00000000, 00
         .00000000, 00  .00000000, 00  .00000000, 00  .00000000, 00  .00000000, 00  .00000000, 00  .00000000, 00
         .00000000, 00  .00000000, 00  .00000000, 00  .00000000, 00  .00000000, 00  .00000000, 00  .00000000, 00
         .00000000, 00  .00000000, 00  .00000000, 00  .00000000, 00  .00000000, 00  .00000000, 00  .00000000, 00
         .00000000, 00  .00000000, 00  .00000000, 00  .00000000, 00


       ARRAY   NS



        -.63259569, 02 -.72935818, 02 -.35331520, 02  .11558936, 03  .86190464, 02 -.69762206, 01  .00000000, 00
         .00000000, 00  .00000000, 00  .00000000, 00  .00000000, 00  .00000000, 00  .00000000, 00  .00000000, 00
         .00000000, 00  .00000000, 00  .00000000, 00  .00000000, 00  .00000000, 00  .00000000, 00  .00000000, 00
         .00000000, 00  .00000000, 00  .00000000, 00  .00000000, 00  .00000000, 00  .00000000, 00  .00000000, 00
         .00000000, 00  .00000000, 00  .00000000, 00  .00000000, 00  .00000000, 00  .00000000, 00  .00000000, 00
         .00000000, 00  .00000000, 00  .00000000, 00  .00000000, 00  .00000000, 00  .00000000, 00  .00000000, 00
         .00000000, 00  .00000000, 00  .00000000, 00  .00000000, 00  .00000000, 00  .00000000, 00  .00000000, 00
         .00000000, 00  .00000000, 00  .00000000, 00  .00000000, 00  .00000000, 00  .00000000, 00  .00000000, 00
         .00000000, 00  .00000000, 00  .00000000, 00  .00000000, 00  .00000000, 00  .00000000, 00  .00000000, 00
         .00000000, 00  .00000000, 00  .00000000, 00  .00000000, 00  .00000000, 00  .00000000, 00  .00000000, 00
         .00000000, 00  .00000000, 00  .00000000, 00  .00000000, 00  .00000000, 00  .00000000, 00  .00000000, 00
         .00000000, 00  .00000000, 00  .00000000, 00  .00000000, 00  .00000000, 00  .00000000, 00  .00000000, 00
         .00000000, 00  .00000000, 00  .00000000, 00  .00000000, 00  .00000000, 00  .00000000, 00  .00000000, 00
         .00000000, 00  .00000000, 00  .00000000, 00  .00000000, 00  .00000000, 00  .00000000, 00  .00000000, 00
         .00000000, 00  .00000000, 00  .00000000, 00  .00000000, 00  .00000000, 00  .00000000, 00  .00000000, 00
         .00000000, 00  .00000000, 00  .00000000, 00  .00000000, 00  .00000000, 00  .00000000, 00  .00000000, 00
         .00000000, 00  .00000000, 00  .00000000, 00  .00000000, 00  .00000000, 00  .00000000, 00  .00000000, 00
         .00000000, 00  .00000000, 00  .00000000, 00  .00000000, 00  .00000000, 00  .00000000, 00  .00000000, 00
         .00000000, 00  .00000000, 00  .00000000, 00  .00000000, 00  .00000000, 00  .00000000, 00  .00000000, 00
         .00000000, 00  .00000000, 00  .00000000, 00  .00000000, 00  .00000000, 00  .00000000, 00  .00000000, 00
         .00000000, 00  .00000000, 00  .00000000, 00  .00000000, 00  .00000000, 00  .00000000, 00  .00000000, 00
         .00000000, 00  .00000000, 00  .00000000, 00  .00000000, 00  .00000000, 00  .00000000, 00  .00000000, 00
         .00000000, 00  .00000000, 00  .00000000, 00  .00000000, 00  .00000000, 00  .00000000, 00  .00000000, 00
         .00000000, 00  .00000000, 00  .00000000, 00  .00000000, 00  .00000000, 00  .00000000, 00  .00000000, 00
         .00000000, 00  .00000000, 00  .00000000, 00  .00000000, 00  .00000000, 00  .00000000, 00  .00000000, 00
         .00000000, 00  .00000000, 00  .00000000, 00  .00000000, 00  .00000000, 00  .00000000, 00  .00000000, 00
         .00000000, 00  .00000000, 00  .00000000, 00  .00000000, 00  .00000000, 00  .00000000, 00  .00000000, 00
         .00000000, 00  .00000000, 00  .00000000, 00  .00000000, 00  .00000000, 00  .00000000, 00  .00000000, 00
         .00000000, 00  .00000000, 00  .00000000, 00  .00000000, 00


SURVEY  654321     NUMBER OF LEGS    7     CLOSURE ERROR     7.33






LEG     ANGLE       MEASURED     CORRECTED   NORTH-SOUTH    EAST-WEST

NO.   DD MM SS Q     DISTANCE      DISTANCE  DISPLACEMENT DISPLACEMENT

  1   62 30  0 2       137.00       136.85       -62.23       121.88
  2   29 30  0 2        83.80        83.36       -72.30        41.48
  3   73 30  0 2       124.40       124.45       -34.40       119.60
  4   39 30  0 1       149.80       150.91       116.70        95.68
  5   39 30  0 3       111.70       112.15        87.02       -70.75
  6   88 30  0 4       266.50       265.75        -4.98      -265.70
  7   54 30  0 4        52.00        51.66       -29.80       -42.19

      TOTALS           925.20       925.16         -.00         -.00

AREA OF TRAVERSE     36134.92 SQUARE FEET          .82 ACRES

